I, [2014-01-30T14:32:04.857945 #6179]  INFO -- : Started GET "/" for 127.0.0.1 at 2014-01-30 14:32:04 +0200
I, [2014-01-30T14:32:04.874641 #6179]  INFO -- : Processing by StaticPagesController#Home as HTML
I, [2014-01-30T14:32:04.882266 #6179]  INFO -- :   Rendered static_pages/Home.html.erb within layouts/application (0.9ms)
I, [2014-01-30T14:32:04.932756 #6179]  INFO -- :   Rendered layouts/_shim.html.erb (0.8ms)
I, [2014-01-30T14:32:04.936360 #6179]  INFO -- :   Rendered layouts/_header.html.erb (1.6ms)
I, [2014-01-30T14:32:04.939254 #6179]  INFO -- :   Rendered layouts/_footer.html.erb (1.0ms)
I, [2014-01-30T14:32:04.939924 #6179]  INFO -- : Completed 200 OK in 65ms (Views: 63.3ms | ActiveRecord: 0.0ms)
I, [2014-01-30T14:32:05.048871 #6179]  INFO -- : Started GET "/stylesheets/application.css" for 127.0.0.1 at 2014-01-30 14:32:05 +0200
F, [2014-01-30T14:32:05.050491 #6179] FATAL -- : 
ActionController::RoutingError (No route matches [GET] "/stylesheets/application.css"):
  actionpack (4.0.2) lib/action_dispatch/middleware/debug_exceptions.rb:21:in `call'
  actionpack (4.0.2) lib/action_dispatch/middleware/show_exceptions.rb:30:in `call'
  railties (4.0.2) lib/rails/rack/logger.rb:38:in `call_app'
  railties (4.0.2) lib/rails/rack/logger.rb:20:in `block in call'
  activesupport (4.0.2) lib/active_support/tagged_logging.rb:67:in `block in tagged'
  activesupport (4.0.2) lib/active_support/tagged_logging.rb:25:in `tagged'
  activesupport (4.0.2) lib/active_support/tagged_logging.rb:67:in `tagged'
  railties (4.0.2) lib/rails/rack/logger.rb:20:in `call'
  actionpack (4.0.2) lib/action_dispatch/middleware/request_id.rb:21:in `call'
  rack (1.5.2) lib/rack/methodoverride.rb:21:in `call'
  rack (1.5.2) lib/rack/runtime.rb:17:in `call'
  activesupport (4.0.2) lib/active_support/cache/strategy/local_cache.rb:83:in `call'
  rack (1.5.2) lib/rack/sendfile.rb:112:in `call'
  railties (4.0.2) lib/rails/engine.rb:511:in `call'
  railties (4.0.2) lib/rails/application.rb:97:in `call'
  rack (1.5.2) lib/rack/content_length.rb:14:in `call'
  puma (2.7.1) lib/puma/server.rb:486:in `handle_request'
  puma (2.7.1) lib/puma/server.rb:357:in `process_client'
  puma (2.7.1) lib/puma/server.rb:250:in `block in run'
  puma (2.7.1) lib/puma/thread_pool.rb:92:in `call'
  puma (2.7.1) lib/puma/thread_pool.rb:92:in `block in spawn_thread'


I, [2014-01-30T14:32:05.059684 #6179]  INFO -- : Started GET "/javascripts/application.js" for 127.0.0.1 at 2014-01-30 14:32:05 +0200
F, [2014-01-30T14:32:05.061060 #6179] FATAL -- : 
ActionController::RoutingError (No route matches [GET] "/javascripts/application.js"):
  actionpack (4.0.2) lib/action_dispatch/middleware/debug_exceptions.rb:21:in `call'
  actionpack (4.0.2) lib/action_dispatch/middleware/show_exceptions.rb:30:in `call'
  railties (4.0.2) lib/rails/rack/logger.rb:38:in `call_app'
  railties (4.0.2) lib/rails/rack/logger.rb:20:in `block in call'
  activesupport (4.0.2) lib/active_support/tagged_logging.rb:67:in `block in tagged'
  activesupport (4.0.2) lib/active_support/tagged_logging.rb:25:in `tagged'
  activesupport (4.0.2) lib/active_support/tagged_logging.rb:67:in `tagged'
  railties (4.0.2) lib/rails/rack/logger.rb:20:in `call'
  actionpack (4.0.2) lib/action_dispatch/middleware/request_id.rb:21:in `call'
  rack (1.5.2) lib/rack/methodoverride.rb:21:in `call'
  rack (1.5.2) lib/rack/runtime.rb:17:in `call'
  activesupport (4.0.2) lib/active_support/cache/strategy/local_cache.rb:83:in `call'
  rack (1.5.2) lib/rack/sendfile.rb:112:in `call'
  railties (4.0.2) lib/rails/engine.rb:511:in `call'
  railties (4.0.2) lib/rails/application.rb:97:in `call'
  rack (1.5.2) lib/rack/content_length.rb:14:in `call'
  puma (2.7.1) lib/puma/server.rb:486:in `handle_request'
  puma (2.7.1) lib/puma/server.rb:357:in `process_client'
  puma (2.7.1) lib/puma/server.rb:250:in `block in run'
  puma (2.7.1) lib/puma/thread_pool.rb:92:in `call'
  puma (2.7.1) lib/puma/thread_pool.rb:92:in `block in spawn_thread'


I, [2014-01-30T14:32:05.884940 #6179]  INFO -- : Started GET "/" for 127.0.0.1 at 2014-01-30 14:32:05 +0200
I, [2014-01-30T14:32:05.888217 #6179]  INFO -- : Processing by StaticPagesController#Home as HTML
I, [2014-01-30T14:32:05.890226 #6179]  INFO -- :   Rendered static_pages/Home.html.erb within layouts/application (0.1ms)
I, [2014-01-30T14:32:05.892634 #6179]  INFO -- :   Rendered layouts/_shim.html.erb (0.1ms)
I, [2014-01-30T14:32:05.893857 #6179]  INFO -- :   Rendered layouts/_header.html.erb (0.5ms)
I, [2014-01-30T14:32:05.894788 #6179]  INFO -- :   Rendered layouts/_footer.html.erb (0.2ms)
I, [2014-01-30T14:32:05.895558 #6179]  INFO -- : Completed 200 OK in 7ms (Views: 5.9ms | ActiveRecord: 0.0ms)
I, [2014-01-30T14:32:05.962697 #6179]  INFO -- : Started GET "/stylesheets/application.css" for 127.0.0.1 at 2014-01-30 14:32:05 +0200
F, [2014-01-30T14:32:05.965671 #6179] FATAL -- : 
ActionController::RoutingError (No route matches [GET] "/stylesheets/application.css"):
  actionpack (4.0.2) lib/action_dispatch/middleware/debug_exceptions.rb:21:in `call'
  actionpack (4.0.2) lib/action_dispatch/middleware/show_exceptions.rb:30:in `call'
  railties (4.0.2) lib/rails/rack/logger.rb:38:in `call_app'
  railties (4.0.2) lib/rails/rack/logger.rb:20:in `block in call'
  activesupport (4.0.2) lib/active_support/tagged_logging.rb:67:in `block in tagged'
  activesupport (4.0.2) lib/active_support/tagged_logging.rb:25:in `tagged'
  activesupport (4.0.2) lib/active_support/tagged_logging.rb:67:in `tagged'
  railties (4.0.2) lib/rails/rack/logger.rb:20:in `call'
  actionpack (4.0.2) lib/action_dispatch/middleware/request_id.rb:21:in `call'
  rack (1.5.2) lib/rack/methodoverride.rb:21:in `call'
  rack (1.5.2) lib/rack/runtime.rb:17:in `call'
  activesupport (4.0.2) lib/active_support/cache/strategy/local_cache.rb:83:in `call'
  rack (1.5.2) lib/rack/sendfile.rb:112:in `call'
  railties (4.0.2) lib/rails/engine.rb:511:in `call'
  railties (4.0.2) lib/rails/application.rb:97:in `call'
  rack (1.5.2) lib/rack/content_length.rb:14:in `call'
  puma (2.7.1) lib/puma/server.rb:486:in `handle_request'
  puma (2.7.1) lib/puma/server.rb:357:in `process_client'
  puma (2.7.1) lib/puma/server.rb:250:in `block in run'
  puma (2.7.1) lib/puma/thread_pool.rb:92:in `call'
  puma (2.7.1) lib/puma/thread_pool.rb:92:in `block in spawn_thread'


I, [2014-01-30T14:32:05.971329 #6179]  INFO -- : Started GET "/javascripts/application.js" for 127.0.0.1 at 2014-01-30 14:32:05 +0200
F, [2014-01-30T14:32:05.974031 #6179] FATAL -- : 
ActionController::RoutingError (No route matches [GET] "/javascripts/application.js"):
  actionpack (4.0.2) lib/action_dispatch/middleware/debug_exceptions.rb:21:in `call'
  actionpack (4.0.2) lib/action_dispatch/middleware/show_exceptions.rb:30:in `call'
  railties (4.0.2) lib/rails/rack/logger.rb:38:in `call_app'
  railties (4.0.2) lib/rails/rack/logger.rb:20:in `block in call'
  activesupport (4.0.2) lib/active_support/tagged_logging.rb:67:in `block in tagged'
  activesupport (4.0.2) lib/active_support/tagged_logging.rb:25:in `tagged'
  activesupport (4.0.2) lib/active_support/tagged_logging.rb:67:in `tagged'
  railties (4.0.2) lib/rails/rack/logger.rb:20:in `call'
  actionpack (4.0.2) lib/action_dispatch/middleware/request_id.rb:21:in `call'
  rack (1.5.2) lib/rack/methodoverride.rb:21:in `call'
  rack (1.5.2) lib/rack/runtime.rb:17:in `call'
  activesupport (4.0.2) lib/active_support/cache/strategy/local_cache.rb:83:in `call'
  rack (1.5.2) lib/rack/sendfile.rb:112:in `call'
  railties (4.0.2) lib/rails/engine.rb:511:in `call'
  railties (4.0.2) lib/rails/application.rb:97:in `call'
  rack (1.5.2) lib/rack/content_length.rb:14:in `call'
  puma (2.7.1) lib/puma/server.rb:486:in `handle_request'
  puma (2.7.1) lib/puma/server.rb:357:in `process_client'
  puma (2.7.1) lib/puma/server.rb:250:in `block in run'
  puma (2.7.1) lib/puma/thread_pool.rb:92:in `call'
  puma (2.7.1) lib/puma/thread_pool.rb:92:in `block in spawn_thread'


I, [2014-01-30T14:32:06.507342 #6179]  INFO -- : Started GET "/" for 127.0.0.1 at 2014-01-30 14:32:06 +0200
I, [2014-01-30T14:32:06.509013 #6179]  INFO -- : Processing by StaticPagesController#Home as HTML
I, [2014-01-30T14:32:06.510463 #6179]  INFO -- :   Rendered static_pages/Home.html.erb within layouts/application (0.1ms)
I, [2014-01-30T14:32:06.512193 #6179]  INFO -- :   Rendered layouts/_shim.html.erb (0.1ms)
I, [2014-01-30T14:32:06.513744 #6179]  INFO -- :   Rendered layouts/_header.html.erb (0.9ms)
I, [2014-01-30T14:32:06.514668 #6179]  INFO -- :   Rendered layouts/_footer.html.erb (0.2ms)
I, [2014-01-30T14:32:06.515374 #6179]  INFO -- : Completed 200 OK in 6ms (Views: 5.2ms | ActiveRecord: 0.0ms)
I, [2014-01-30T14:32:06.578881 #6179]  INFO -- : Started GET "/stylesheets/application.css" for 127.0.0.1 at 2014-01-30 14:32:06 +0200
F, [2014-01-30T14:32:06.581539 #6179] FATAL -- : 
ActionController::RoutingError (No route matches [GET] "/stylesheets/application.css"):
  actionpack (4.0.2) lib/action_dispatch/middleware/debug_exceptions.rb:21:in `call'
  actionpack (4.0.2) lib/action_dispatch/middleware/show_exceptions.rb:30:in `call'
  railties (4.0.2) lib/rails/rack/logger.rb:38:in `call_app'
  railties (4.0.2) lib/rails/rack/logger.rb:20:in `block in call'
  activesupport (4.0.2) lib/active_support/tagged_logging.rb:67:in `block in tagged'
  activesupport (4.0.2) lib/active_support/tagged_logging.rb:25:in `tagged'
  activesupport (4.0.2) lib/active_support/tagged_logging.rb:67:in `tagged'
  railties (4.0.2) lib/rails/rack/logger.rb:20:in `call'
  actionpack (4.0.2) lib/action_dispatch/middleware/request_id.rb:21:in `call'
  rack (1.5.2) lib/rack/methodoverride.rb:21:in `call'
  rack (1.5.2) lib/rack/runtime.rb:17:in `call'
  activesupport (4.0.2) lib/active_support/cache/strategy/local_cache.rb:83:in `call'
  rack (1.5.2) lib/rack/sendfile.rb:112:in `call'
  railties (4.0.2) lib/rails/engine.rb:511:in `call'
  railties (4.0.2) lib/rails/application.rb:97:in `call'
  rack (1.5.2) lib/rack/content_length.rb:14:in `call'
  puma (2.7.1) lib/puma/server.rb:486:in `handle_request'
  puma (2.7.1) lib/puma/server.rb:357:in `process_client'
  puma (2.7.1) lib/puma/server.rb:250:in `block in run'
  puma (2.7.1) lib/puma/thread_pool.rb:92:in `call'
  puma (2.7.1) lib/puma/thread_pool.rb:92:in `block in spawn_thread'


I, [2014-01-30T14:32:06.583104 #6179]  INFO -- : Started GET "/javascripts/application.js" for 127.0.0.1 at 2014-01-30 14:32:06 +0200
F, [2014-01-30T14:32:06.588936 #6179] FATAL -- : 
ActionController::RoutingError (No route matches [GET] "/javascripts/application.js"):
  actionpack (4.0.2) lib/action_dispatch/middleware/debug_exceptions.rb:21:in `call'
  actionpack (4.0.2) lib/action_dispatch/middleware/show_exceptions.rb:30:in `call'
  railties (4.0.2) lib/rails/rack/logger.rb:38:in `call_app'
  railties (4.0.2) lib/rails/rack/logger.rb:20:in `block in call'
  activesupport (4.0.2) lib/active_support/tagged_logging.rb:67:in `block in tagged'
  activesupport (4.0.2) lib/active_support/tagged_logging.rb:25:in `tagged'
  activesupport (4.0.2) lib/active_support/tagged_logging.rb:67:in `tagged'
  railties (4.0.2) lib/rails/rack/logger.rb:20:in `call'
  actionpack (4.0.2) lib/action_dispatch/middleware/request_id.rb:21:in `call'
  rack (1.5.2) lib/rack/methodoverride.rb:21:in `call'
  rack (1.5.2) lib/rack/runtime.rb:17:in `call'
  activesupport (4.0.2) lib/active_support/cache/strategy/local_cache.rb:83:in `call'
  rack (1.5.2) lib/rack/sendfile.rb:112:in `call'
  railties (4.0.2) lib/rails/engine.rb:511:in `call'
  railties (4.0.2) lib/rails/application.rb:97:in `call'
  rack (1.5.2) lib/rack/content_length.rb:14:in `call'
  puma (2.7.1) lib/puma/server.rb:486:in `handle_request'
  puma (2.7.1) lib/puma/server.rb:357:in `process_client'
  puma (2.7.1) lib/puma/server.rb:250:in `block in run'
  puma (2.7.1) lib/puma/thread_pool.rb:92:in `call'
  puma (2.7.1) lib/puma/thread_pool.rb:92:in `block in spawn_thread'


I, [2014-01-30T14:32:06.758451 #6179]  INFO -- : Started GET "/" for 127.0.0.1 at 2014-01-30 14:32:06 +0200
I, [2014-01-30T14:32:06.759390 #6179]  INFO -- : Processing by StaticPagesController#Home as HTML
I, [2014-01-30T14:32:06.760178 #6179]  INFO -- :   Rendered static_pages/Home.html.erb within layouts/application (0.1ms)
I, [2014-01-30T14:32:06.761194 #6179]  INFO -- :   Rendered layouts/_shim.html.erb (0.0ms)
I, [2014-01-30T14:32:06.761654 #6179]  INFO -- :   Rendered layouts/_header.html.erb (0.2ms)
I, [2014-01-30T14:32:06.761971 #6179]  INFO -- :   Rendered layouts/_footer.html.erb (0.1ms)
I, [2014-01-30T14:32:06.762225 #6179]  INFO -- : Completed 200 OK in 3ms (Views: 2.3ms | ActiveRecord: 0.0ms)
I, [2014-01-30T14:32:06.794615 #6179]  INFO -- : Started GET "/stylesheets/application.css" for 127.0.0.1 at 2014-01-30 14:32:06 +0200
F, [2014-01-30T14:32:06.795886 #6179] FATAL -- : 
ActionController::RoutingError (No route matches [GET] "/stylesheets/application.css"):
  actionpack (4.0.2) lib/action_dispatch/middleware/debug_exceptions.rb:21:in `call'
  actionpack (4.0.2) lib/action_dispatch/middleware/show_exceptions.rb:30:in `call'
  railties (4.0.2) lib/rails/rack/logger.rb:38:in `call_app'
  railties (4.0.2) lib/rails/rack/logger.rb:20:in `block in call'
  activesupport (4.0.2) lib/active_support/tagged_logging.rb:67:in `block in tagged'
  activesupport (4.0.2) lib/active_support/tagged_logging.rb:25:in `tagged'
  activesupport (4.0.2) lib/active_support/tagged_logging.rb:67:in `tagged'
  railties (4.0.2) lib/rails/rack/logger.rb:20:in `call'
  actionpack (4.0.2) lib/action_dispatch/middleware/request_id.rb:21:in `call'
  rack (1.5.2) lib/rack/methodoverride.rb:21:in `call'
  rack (1.5.2) lib/rack/runtime.rb:17:in `call'
  activesupport (4.0.2) lib/active_support/cache/strategy/local_cache.rb:83:in `call'
  rack (1.5.2) lib/rack/sendfile.rb:112:in `call'
  railties (4.0.2) lib/rails/engine.rb:511:in `call'
  railties (4.0.2) lib/rails/application.rb:97:in `call'
  rack (1.5.2) lib/rack/content_length.rb:14:in `call'
  puma (2.7.1) lib/puma/server.rb:486:in `handle_request'
  puma (2.7.1) lib/puma/server.rb:357:in `process_client'
  puma (2.7.1) lib/puma/server.rb:250:in `block in run'
  puma (2.7.1) lib/puma/thread_pool.rb:92:in `call'
  puma (2.7.1) lib/puma/thread_pool.rb:92:in `block in spawn_thread'


I, [2014-01-30T14:32:06.801782 #6179]  INFO -- : Started GET "/javascripts/application.js" for 127.0.0.1 at 2014-01-30 14:32:06 +0200
F, [2014-01-30T14:32:06.803123 #6179] FATAL -- : 
ActionController::RoutingError (No route matches [GET] "/javascripts/application.js"):
  actionpack (4.0.2) lib/action_dispatch/middleware/debug_exceptions.rb:21:in `call'
  actionpack (4.0.2) lib/action_dispatch/middleware/show_exceptions.rb:30:in `call'
  railties (4.0.2) lib/rails/rack/logger.rb:38:in `call_app'
  railties (4.0.2) lib/rails/rack/logger.rb:20:in `block in call'
  activesupport (4.0.2) lib/active_support/tagged_logging.rb:67:in `block in tagged'
  activesupport (4.0.2) lib/active_support/tagged_logging.rb:25:in `tagged'
  activesupport (4.0.2) lib/active_support/tagged_logging.rb:67:in `tagged'
  railties (4.0.2) lib/rails/rack/logger.rb:20:in `call'
  actionpack (4.0.2) lib/action_dispatch/middleware/request_id.rb:21:in `call'
  rack (1.5.2) lib/rack/methodoverride.rb:21:in `call'
  rack (1.5.2) lib/rack/runtime.rb:17:in `call'
  activesupport (4.0.2) lib/active_support/cache/strategy/local_cache.rb:83:in `call'
  rack (1.5.2) lib/rack/sendfile.rb:112:in `call'
  railties (4.0.2) lib/rails/engine.rb:511:in `call'
  railties (4.0.2) lib/rails/application.rb:97:in `call'
  rack (1.5.2) lib/rack/content_length.rb:14:in `call'
  puma (2.7.1) lib/puma/server.rb:486:in `handle_request'
  puma (2.7.1) lib/puma/server.rb:357:in `process_client'
  puma (2.7.1) lib/puma/server.rb:250:in `block in run'
  puma (2.7.1) lib/puma/thread_pool.rb:92:in `call'
  puma (2.7.1) lib/puma/thread_pool.rb:92:in `block in spawn_thread'


I, [2014-01-30T14:32:07.332129 #6179]  INFO -- : Started GET "/" for 127.0.0.1 at 2014-01-30 14:32:07 +0200
I, [2014-01-30T14:32:07.333759 #6179]  INFO -- : Processing by StaticPagesController#Home as HTML
I, [2014-01-30T14:32:07.335161 #6179]  INFO -- :   Rendered static_pages/Home.html.erb within layouts/application (0.1ms)
I, [2014-01-30T14:32:07.336981 #6179]  INFO -- :   Rendered layouts/_shim.html.erb (0.1ms)
I, [2014-01-30T14:32:07.337923 #6179]  INFO -- :   Rendered layouts/_header.html.erb (0.5ms)
I, [2014-01-30T14:32:07.338537 #6179]  INFO -- :   Rendered layouts/_footer.html.erb (0.2ms)
I, [2014-01-30T14:32:07.339015 #6179]  INFO -- : Completed 200 OK in 5ms (Views: 4.3ms | ActiveRecord: 0.0ms)
I, [2014-01-30T14:32:07.406332 #6179]  INFO -- : Started GET "/stylesheets/application.css" for 127.0.0.1 at 2014-01-30 14:32:07 +0200
F, [2014-01-30T14:32:07.409005 #6179] FATAL -- : 
ActionController::RoutingError (No route matches [GET] "/stylesheets/application.css"):
  actionpack (4.0.2) lib/action_dispatch/middleware/debug_exceptions.rb:21:in `call'
  actionpack (4.0.2) lib/action_dispatch/middleware/show_exceptions.rb:30:in `call'
  railties (4.0.2) lib/rails/rack/logger.rb:38:in `call_app'
  railties (4.0.2) lib/rails/rack/logger.rb:20:in `block in call'
  activesupport (4.0.2) lib/active_support/tagged_logging.rb:67:in `block in tagged'
  activesupport (4.0.2) lib/active_support/tagged_logging.rb:25:in `tagged'
  activesupport (4.0.2) lib/active_support/tagged_logging.rb:67:in `tagged'
  railties (4.0.2) lib/rails/rack/logger.rb:20:in `call'
  actionpack (4.0.2) lib/action_dispatch/middleware/request_id.rb:21:in `call'
  rack (1.5.2) lib/rack/methodoverride.rb:21:in `call'
  rack (1.5.2) lib/rack/runtime.rb:17:in `call'
  activesupport (4.0.2) lib/active_support/cache/strategy/local_cache.rb:83:in `call'
  rack (1.5.2) lib/rack/sendfile.rb:112:in `call'
  railties (4.0.2) lib/rails/engine.rb:511:in `call'
  railties (4.0.2) lib/rails/application.rb:97:in `call'
  rack (1.5.2) lib/rack/content_length.rb:14:in `call'
  puma (2.7.1) lib/puma/server.rb:486:in `handle_request'
  puma (2.7.1) lib/puma/server.rb:357:in `process_client'
  puma (2.7.1) lib/puma/server.rb:250:in `block in run'
  puma (2.7.1) lib/puma/thread_pool.rb:92:in `call'
  puma (2.7.1) lib/puma/thread_pool.rb:92:in `block in spawn_thread'


I, [2014-01-30T14:32:07.460277 #6179]  INFO -- : Started GET "/javascripts/application.js" for 127.0.0.1 at 2014-01-30 14:32:07 +0200
F, [2014-01-30T14:32:07.462978 #6179] FATAL -- : 
ActionController::RoutingError (No route matches [GET] "/javascripts/application.js"):
  actionpack (4.0.2) lib/action_dispatch/middleware/debug_exceptions.rb:21:in `call'
  actionpack (4.0.2) lib/action_dispatch/middleware/show_exceptions.rb:30:in `call'
  railties (4.0.2) lib/rails/rack/logger.rb:38:in `call_app'
  railties (4.0.2) lib/rails/rack/logger.rb:20:in `block in call'
  activesupport (4.0.2) lib/active_support/tagged_logging.rb:67:in `block in tagged'
  activesupport (4.0.2) lib/active_support/tagged_logging.rb:25:in `tagged'
  activesupport (4.0.2) lib/active_support/tagged_logging.rb:67:in `tagged'
  railties (4.0.2) lib/rails/rack/logger.rb:20:in `call'
  actionpack (4.0.2) lib/action_dispatch/middleware/request_id.rb:21:in `call'
  rack (1.5.2) lib/rack/methodoverride.rb:21:in `call'
  rack (1.5.2) lib/rack/runtime.rb:17:in `call'
  activesupport (4.0.2) lib/active_support/cache/strategy/local_cache.rb:83:in `call'
  rack (1.5.2) lib/rack/sendfile.rb:112:in `call'
  railties (4.0.2) lib/rails/engine.rb:511:in `call'
  railties (4.0.2) lib/rails/application.rb:97:in `call'
  rack (1.5.2) lib/rack/content_length.rb:14:in `call'
  puma (2.7.1) lib/puma/server.rb:486:in `handle_request'
  puma (2.7.1) lib/puma/server.rb:357:in `process_client'
  puma (2.7.1) lib/puma/server.rb:250:in `block in run'
  puma (2.7.1) lib/puma/thread_pool.rb:92:in `call'
  puma (2.7.1) lib/puma/thread_pool.rb:92:in `block in spawn_thread'


I, [2014-01-30T14:32:31.610326 #6179]  INFO -- : Started GET "/" for 127.0.0.1 at 2014-01-30 14:32:31 +0200
I, [2014-01-30T14:32:31.611915 #6179]  INFO -- : Processing by StaticPagesController#Home as HTML
I, [2014-01-30T14:32:31.614372 #6179]  INFO -- :   Rendered static_pages/Home.html.erb within layouts/application (0.1ms)
I, [2014-01-30T14:32:31.616435 #6179]  INFO -- :   Rendered layouts/_shim.html.erb (0.1ms)
I, [2014-01-30T14:32:31.618274 #6179]  INFO -- :   Rendered layouts/_header.html.erb (0.5ms)
I, [2014-01-30T14:32:31.619095 #6179]  INFO -- :   Rendered layouts/_footer.html.erb (0.2ms)
I, [2014-01-30T14:32:31.619669 #6179]  INFO -- : Completed 200 OK in 7ms (Views: 6.7ms | ActiveRecord: 0.0ms)
I, [2014-01-30T14:32:31.679821 #6179]  INFO -- : Started GET "/stylesheets/application.css" for 127.0.0.1 at 2014-01-30 14:32:31 +0200
F, [2014-01-30T14:32:31.682548 #6179] FATAL -- : 
ActionController::RoutingError (No route matches [GET] "/stylesheets/application.css"):
  actionpack (4.0.2) lib/action_dispatch/middleware/debug_exceptions.rb:21:in `call'
  actionpack (4.0.2) lib/action_dispatch/middleware/show_exceptions.rb:30:in `call'
  railties (4.0.2) lib/rails/rack/logger.rb:38:in `call_app'
  railties (4.0.2) lib/rails/rack/logger.rb:20:in `block in call'
  activesupport (4.0.2) lib/active_support/tagged_logging.rb:67:in `block in tagged'
  activesupport (4.0.2) lib/active_support/tagged_logging.rb:25:in `tagged'
  activesupport (4.0.2) lib/active_support/tagged_logging.rb:67:in `tagged'
  railties (4.0.2) lib/rails/rack/logger.rb:20:in `call'
  actionpack (4.0.2) lib/action_dispatch/middleware/request_id.rb:21:in `call'
  rack (1.5.2) lib/rack/methodoverride.rb:21:in `call'
  rack (1.5.2) lib/rack/runtime.rb:17:in `call'
  activesupport (4.0.2) lib/active_support/cache/strategy/local_cache.rb:83:in `call'
  rack (1.5.2) lib/rack/sendfile.rb:112:in `call'
  railties (4.0.2) lib/rails/engine.rb:511:in `call'
  railties (4.0.2) lib/rails/application.rb:97:in `call'
  rack (1.5.2) lib/rack/content_length.rb:14:in `call'
  puma (2.7.1) lib/puma/server.rb:486:in `handle_request'
  puma (2.7.1) lib/puma/server.rb:357:in `process_client'
  puma (2.7.1) lib/puma/server.rb:250:in `block in run'
  puma (2.7.1) lib/puma/thread_pool.rb:92:in `call'
  puma (2.7.1) lib/puma/thread_pool.rb:92:in `block in spawn_thread'


I, [2014-01-30T14:32:31.741340 #6179]  INFO -- : Started GET "/javascripts/application.js" for 127.0.0.1 at 2014-01-30 14:32:31 +0200
F, [2014-01-30T14:32:31.742728 #6179] FATAL -- : 
ActionController::RoutingError (No route matches [GET] "/javascripts/application.js"):
  actionpack (4.0.2) lib/action_dispatch/middleware/debug_exceptions.rb:21:in `call'
  actionpack (4.0.2) lib/action_dispatch/middleware/show_exceptions.rb:30:in `call'
  railties (4.0.2) lib/rails/rack/logger.rb:38:in `call_app'
  railties (4.0.2) lib/rails/rack/logger.rb:20:in `block in call'
  activesupport (4.0.2) lib/active_support/tagged_logging.rb:67:in `block in tagged'
  activesupport (4.0.2) lib/active_support/tagged_logging.rb:25:in `tagged'
  activesupport (4.0.2) lib/active_support/tagged_logging.rb:67:in `tagged'
  railties (4.0.2) lib/rails/rack/logger.rb:20:in `call'
  actionpack (4.0.2) lib/action_dispatch/middleware/request_id.rb:21:in `call'
  rack (1.5.2) lib/rack/methodoverride.rb:21:in `call'
  rack (1.5.2) lib/rack/runtime.rb:17:in `call'
  activesupport (4.0.2) lib/active_support/cache/strategy/local_cache.rb:83:in `call'
  rack (1.5.2) lib/rack/sendfile.rb:112:in `call'
  railties (4.0.2) lib/rails/engine.rb:511:in `call'
  railties (4.0.2) lib/rails/application.rb:97:in `call'
  rack (1.5.2) lib/rack/content_length.rb:14:in `call'
  puma (2.7.1) lib/puma/server.rb:486:in `handle_request'
  puma (2.7.1) lib/puma/server.rb:357:in `process_client'
  puma (2.7.1) lib/puma/server.rb:250:in `block in run'
  puma (2.7.1) lib/puma/thread_pool.rb:92:in `call'
  puma (2.7.1) lib/puma/thread_pool.rb:92:in `block in spawn_thread'


I, [2014-01-30T14:32:32.602688 #6179]  INFO -- : Started GET "/local_ranking" for 127.0.0.1 at 2014-01-30 14:32:32 +0200
I, [2014-01-30T14:32:32.603811 #6179]  INFO -- : Processing by StaticPagesController#LocalRanking as HTML
I, [2014-01-30T14:32:32.605858 #6179]  INFO -- :   Rendered static_pages/LocalRanking.html.erb within layouts/application (0.5ms)
I, [2014-01-30T14:32:32.607149 #6179]  INFO -- :   Rendered layouts/_shim.html.erb (0.1ms)
I, [2014-01-30T14:32:32.607622 #6179]  INFO -- :   Rendered layouts/_header.html.erb (0.3ms)
I, [2014-01-30T14:32:32.607951 #6179]  INFO -- :   Rendered layouts/_footer.html.erb (0.1ms)
I, [2014-01-30T14:32:32.608333 #6179]  INFO -- : Completed 200 OK in 4ms (Views: 3.9ms | ActiveRecord: 0.0ms)
I, [2014-01-30T14:32:32.643891 #6179]  INFO -- : Started GET "/stylesheets/application.css" for 127.0.0.1 at 2014-01-30 14:32:32 +0200
F, [2014-01-30T14:32:32.645323 #6179] FATAL -- : 
ActionController::RoutingError (No route matches [GET] "/stylesheets/application.css"):
  actionpack (4.0.2) lib/action_dispatch/middleware/debug_exceptions.rb:21:in `call'
  actionpack (4.0.2) lib/action_dispatch/middleware/show_exceptions.rb:30:in `call'
  railties (4.0.2) lib/rails/rack/logger.rb:38:in `call_app'
  railties (4.0.2) lib/rails/rack/logger.rb:20:in `block in call'
  activesupport (4.0.2) lib/active_support/tagged_logging.rb:67:in `block in tagged'
  activesupport (4.0.2) lib/active_support/tagged_logging.rb:25:in `tagged'
  activesupport (4.0.2) lib/active_support/tagged_logging.rb:67:in `tagged'
  railties (4.0.2) lib/rails/rack/logger.rb:20:in `call'
  actionpack (4.0.2) lib/action_dispatch/middleware/request_id.rb:21:in `call'
  rack (1.5.2) lib/rack/methodoverride.rb:21:in `call'
  rack (1.5.2) lib/rack/runtime.rb:17:in `call'
  activesupport (4.0.2) lib/active_support/cache/strategy/local_cache.rb:83:in `call'
  rack (1.5.2) lib/rack/sendfile.rb:112:in `call'
  railties (4.0.2) lib/rails/engine.rb:511:in `call'
  railties (4.0.2) lib/rails/application.rb:97:in `call'
  rack (1.5.2) lib/rack/content_length.rb:14:in `call'
  puma (2.7.1) lib/puma/server.rb:486:in `handle_request'
  puma (2.7.1) lib/puma/server.rb:357:in `process_client'
  puma (2.7.1) lib/puma/server.rb:250:in `block in run'
  puma (2.7.1) lib/puma/thread_pool.rb:92:in `call'
  puma (2.7.1) lib/puma/thread_pool.rb:92:in `block in spawn_thread'


I, [2014-01-30T14:32:32.670766 #6179]  INFO -- : Started GET "/javascripts/application.js" for 127.0.0.1 at 2014-01-30 14:32:32 +0200
F, [2014-01-30T14:32:32.671988 #6179] FATAL -- : 
ActionController::RoutingError (No route matches [GET] "/javascripts/application.js"):
  actionpack (4.0.2) lib/action_dispatch/middleware/debug_exceptions.rb:21:in `call'
  actionpack (4.0.2) lib/action_dispatch/middleware/show_exceptions.rb:30:in `call'
  railties (4.0.2) lib/rails/rack/logger.rb:38:in `call_app'
  railties (4.0.2) lib/rails/rack/logger.rb:20:in `block in call'
  activesupport (4.0.2) lib/active_support/tagged_logging.rb:67:in `block in tagged'
  activesupport (4.0.2) lib/active_support/tagged_logging.rb:25:in `tagged'
  activesupport (4.0.2) lib/active_support/tagged_logging.rb:67:in `tagged'
  railties (4.0.2) lib/rails/rack/logger.rb:20:in `call'
  actionpack (4.0.2) lib/action_dispatch/middleware/request_id.rb:21:in `call'
  rack (1.5.2) lib/rack/methodoverride.rb:21:in `call'
  rack (1.5.2) lib/rack/runtime.rb:17:in `call'
  activesupport (4.0.2) lib/active_support/cache/strategy/local_cache.rb:83:in `call'
  rack (1.5.2) lib/rack/sendfile.rb:112:in `call'
  railties (4.0.2) lib/rails/engine.rb:511:in `call'
  railties (4.0.2) lib/rails/application.rb:97:in `call'
  rack (1.5.2) lib/rack/content_length.rb:14:in `call'
  puma (2.7.1) lib/puma/server.rb:486:in `handle_request'
  puma (2.7.1) lib/puma/server.rb:357:in `process_client'
  puma (2.7.1) lib/puma/server.rb:250:in `block in run'
  puma (2.7.1) lib/puma/thread_pool.rb:92:in `call'
  puma (2.7.1) lib/puma/thread_pool.rb:92:in `block in spawn_thread'


I, [2014-01-30T14:32:33.241534 #6179]  INFO -- : Started GET "/global_ranking" for 127.0.0.1 at 2014-01-30 14:32:33 +0200
I, [2014-01-30T14:32:33.243739 #6179]  INFO -- : Processing by StaticPagesController#GlobalRanking as HTML
E, [2014-01-30T14:32:33.254694 #6179] ERROR -- : SQLite3::SQLException: no such table: scores: SELECT "scores".* FROM "scores"   ORDER BY "scores"."scoring" DESC
I, [2014-01-30T14:32:33.257039 #6179]  INFO -- :   Rendered static_pages/GlobalRanking.html.haml within layouts/application (8.9ms)
I, [2014-01-30T14:32:33.257642 #6179]  INFO -- : Completed 500 Internal Server Error in 13ms
F, [2014-01-30T14:32:33.268870 #6179] FATAL -- : 
ActionView::Template::Error (SQLite3::SQLException: no such table: scores: SELECT "scores".* FROM "scores"   ORDER BY "scores"."scoring" DESC):
    2: 	%thead
    3: 		%th User
    4: 		%th Fasole
    5: 	- @scorings.each do |scoring|
    6: 		%tr
    7: 			%td= scoring.name
    8: 			%td= scoring.scoring
  app/views/static_pages/GlobalRanking.html.haml:5:in `_app_views_static_pages__lobal_anking_html_haml___377767598_88979530'


I, [2014-01-30T14:32:38.110395 #6179]  INFO -- : Started GET "/documentation" for 127.0.0.1 at 2014-01-30 14:32:38 +0200
I, [2014-01-30T14:32:38.112795 #6179]  INFO -- : Processing by StaticPagesController#Documentation as HTML
I, [2014-01-30T14:32:38.117069 #6179]  INFO -- :   Rendered static_pages/Documentation.html.erb within layouts/application (0.8ms)
I, [2014-01-30T14:32:38.119521 #6179]  INFO -- :   Rendered layouts/_shim.html.erb (0.1ms)
I, [2014-01-30T14:32:38.120759 #6179]  INFO -- :   Rendered layouts/_header.html.erb (0.5ms)
I, [2014-01-30T14:32:38.121665 #6179]  INFO -- :   Rendered layouts/_footer.html.erb (0.2ms)
I, [2014-01-30T14:32:38.122572 #6179]  INFO -- : Completed 200 OK in 9ms (Views: 8.3ms | ActiveRecord: 0.0ms)
I, [2014-01-30T14:32:38.187399 #6179]  INFO -- : Started GET "/stylesheets/application.css" for 127.0.0.1 at 2014-01-30 14:32:38 +0200
F, [2014-01-30T14:32:38.193386 #6179] FATAL -- : 
ActionController::RoutingError (No route matches [GET] "/stylesheets/application.css"):
  actionpack (4.0.2) lib/action_dispatch/middleware/debug_exceptions.rb:21:in `call'
  actionpack (4.0.2) lib/action_dispatch/middleware/show_exceptions.rb:30:in `call'
  railties (4.0.2) lib/rails/rack/logger.rb:38:in `call_app'
  railties (4.0.2) lib/rails/rack/logger.rb:20:in `block in call'
  activesupport (4.0.2) lib/active_support/tagged_logging.rb:67:in `block in tagged'
  activesupport (4.0.2) lib/active_support/tagged_logging.rb:25:in `tagged'
  activesupport (4.0.2) lib/active_support/tagged_logging.rb:67:in `tagged'
  railties (4.0.2) lib/rails/rack/logger.rb:20:in `call'
  actionpack (4.0.2) lib/action_dispatch/middleware/request_id.rb:21:in `call'
  rack (1.5.2) lib/rack/methodoverride.rb:21:in `call'
  rack (1.5.2) lib/rack/runtime.rb:17:in `call'
  activesupport (4.0.2) lib/active_support/cache/strategy/local_cache.rb:83:in `call'
  rack (1.5.2) lib/rack/sendfile.rb:112:in `call'
  railties (4.0.2) lib/rails/engine.rb:511:in `call'
  railties (4.0.2) lib/rails/application.rb:97:in `call'
  rack (1.5.2) lib/rack/content_length.rb:14:in `call'
  puma (2.7.1) lib/puma/server.rb:486:in `handle_request'
  puma (2.7.1) lib/puma/server.rb:357:in `process_client'
  puma (2.7.1) lib/puma/server.rb:250:in `block in run'
  puma (2.7.1) lib/puma/thread_pool.rb:92:in `call'
  puma (2.7.1) lib/puma/thread_pool.rb:92:in `block in spawn_thread'


I, [2014-01-30T14:32:38.197721 #6179]  INFO -- : Started GET "/javascripts/application.js" for 127.0.0.1 at 2014-01-30 14:32:38 +0200
F, [2014-01-30T14:32:38.200377 #6179] FATAL -- : 
ActionController::RoutingError (No route matches [GET] "/javascripts/application.js"):
  actionpack (4.0.2) lib/action_dispatch/middleware/debug_exceptions.rb:21:in `call'
  actionpack (4.0.2) lib/action_dispatch/middleware/show_exceptions.rb:30:in `call'
  railties (4.0.2) lib/rails/rack/logger.rb:38:in `call_app'
  railties (4.0.2) lib/rails/rack/logger.rb:20:in `block in call'
  activesupport (4.0.2) lib/active_support/tagged_logging.rb:67:in `block in tagged'
  activesupport (4.0.2) lib/active_support/tagged_logging.rb:25:in `tagged'
  activesupport (4.0.2) lib/active_support/tagged_logging.rb:67:in `tagged'
  railties (4.0.2) lib/rails/rack/logger.rb:20:in `call'
  actionpack (4.0.2) lib/action_dispatch/middleware/request_id.rb:21:in `call'
  rack (1.5.2) lib/rack/methodoverride.rb:21:in `call'
  rack (1.5.2) lib/rack/runtime.rb:17:in `call'
  activesupport (4.0.2) lib/active_support/cache/strategy/local_cache.rb:83:in `call'
  rack (1.5.2) lib/rack/sendfile.rb:112:in `call'
  railties (4.0.2) lib/rails/engine.rb:511:in `call'
  railties (4.0.2) lib/rails/application.rb:97:in `call'
  rack (1.5.2) lib/rack/content_length.rb:14:in `call'
  puma (2.7.1) lib/puma/server.rb:486:in `handle_request'
  puma (2.7.1) lib/puma/server.rb:357:in `process_client'
  puma (2.7.1) lib/puma/server.rb:250:in `block in run'
  puma (2.7.1) lib/puma/thread_pool.rb:92:in `call'
  puma (2.7.1) lib/puma/thread_pool.rb:92:in `block in spawn_thread'


I, [2014-01-30T14:32:38.929896 #6179]  INFO -- : Started GET "/pong" for 127.0.0.1 at 2014-01-30 14:32:38 +0200
I, [2014-01-30T14:32:38.932113 #6179]  INFO -- : Processing by StaticPagesController#Pong as HTML
I, [2014-01-30T14:32:38.936230 #6179]  INFO -- :   Rendered static_pages/Pong.html.erb within layouts/application (0.8ms)
I, [2014-01-30T14:32:38.938766 #6179]  INFO -- :   Rendered layouts/_shim.html.erb (0.1ms)
I, [2014-01-30T14:32:38.940132 #6179]  INFO -- :   Rendered layouts/_header.html.erb (0.7ms)
I, [2014-01-30T14:32:38.941121 #6179]  INFO -- :   Rendered layouts/_footer.html.erb (0.3ms)
I, [2014-01-30T14:32:38.941984 #6179]  INFO -- : Completed 200 OK in 9ms (Views: 8.5ms | ActiveRecord: 0.0ms)
I, [2014-01-30T14:32:39.002568 #6179]  INFO -- : Started GET "/stylesheets/application.css" for 127.0.0.1 at 2014-01-30 14:32:39 +0200
F, [2014-01-30T14:32:39.005643 #6179] FATAL -- : 
ActionController::RoutingError (No route matches [GET] "/stylesheets/application.css"):
  actionpack (4.0.2) lib/action_dispatch/middleware/debug_exceptions.rb:21:in `call'
  actionpack (4.0.2) lib/action_dispatch/middleware/show_exceptions.rb:30:in `call'
  railties (4.0.2) lib/rails/rack/logger.rb:38:in `call_app'
  railties (4.0.2) lib/rails/rack/logger.rb:20:in `block in call'
  activesupport (4.0.2) lib/active_support/tagged_logging.rb:67:in `block in tagged'
  activesupport (4.0.2) lib/active_support/tagged_logging.rb:25:in `tagged'
  activesupport (4.0.2) lib/active_support/tagged_logging.rb:67:in `tagged'
  railties (4.0.2) lib/rails/rack/logger.rb:20:in `call'
  actionpack (4.0.2) lib/action_dispatch/middleware/request_id.rb:21:in `call'
  rack (1.5.2) lib/rack/methodoverride.rb:21:in `call'
  rack (1.5.2) lib/rack/runtime.rb:17:in `call'
  activesupport (4.0.2) lib/active_support/cache/strategy/local_cache.rb:83:in `call'
  rack (1.5.2) lib/rack/sendfile.rb:112:in `call'
  railties (4.0.2) lib/rails/engine.rb:511:in `call'
  railties (4.0.2) lib/rails/application.rb:97:in `call'
  rack (1.5.2) lib/rack/content_length.rb:14:in `call'
  puma (2.7.1) lib/puma/server.rb:486:in `handle_request'
  puma (2.7.1) lib/puma/server.rb:357:in `process_client'
  puma (2.7.1) lib/puma/server.rb:250:in `block in run'
  puma (2.7.1) lib/puma/thread_pool.rb:92:in `call'
  puma (2.7.1) lib/puma/thread_pool.rb:92:in `block in spawn_thread'


I, [2014-01-30T14:32:39.017255 #6179]  INFO -- : Started GET "/javascripts/application.js" for 127.0.0.1 at 2014-01-30 14:32:39 +0200
F, [2014-01-30T14:32:39.020075 #6179] FATAL -- : 
ActionController::RoutingError (No route matches [GET] "/javascripts/application.js"):
  actionpack (4.0.2) lib/action_dispatch/middleware/debug_exceptions.rb:21:in `call'
  actionpack (4.0.2) lib/action_dispatch/middleware/show_exceptions.rb:30:in `call'
  railties (4.0.2) lib/rails/rack/logger.rb:38:in `call_app'
  railties (4.0.2) lib/rails/rack/logger.rb:20:in `block in call'
  activesupport (4.0.2) lib/active_support/tagged_logging.rb:67:in `block in tagged'
  activesupport (4.0.2) lib/active_support/tagged_logging.rb:25:in `tagged'
  activesupport (4.0.2) lib/active_support/tagged_logging.rb:67:in `tagged'
  railties (4.0.2) lib/rails/rack/logger.rb:20:in `call'
  actionpack (4.0.2) lib/action_dispatch/middleware/request_id.rb:21:in `call'
  rack (1.5.2) lib/rack/methodoverride.rb:21:in `call'
  rack (1.5.2) lib/rack/runtime.rb:17:in `call'
  activesupport (4.0.2) lib/active_support/cache/strategy/local_cache.rb:83:in `call'
  rack (1.5.2) lib/rack/sendfile.rb:112:in `call'
  railties (4.0.2) lib/rails/engine.rb:511:in `call'
  railties (4.0.2) lib/rails/application.rb:97:in `call'
  rack (1.5.2) lib/rack/content_length.rb:14:in `call'
  puma (2.7.1) lib/puma/server.rb:486:in `handle_request'
  puma (2.7.1) lib/puma/server.rb:357:in `process_client'
  puma (2.7.1) lib/puma/server.rb:250:in `block in run'
  puma (2.7.1) lib/puma/thread_pool.rb:92:in `call'
  puma (2.7.1) lib/puma/thread_pool.rb:92:in `block in spawn_thread'


I, [2014-01-30T14:32:39.643102 #6179]  INFO -- : Started GET "/local_ranking" for 127.0.0.1 at 2014-01-30 14:32:39 +0200
I, [2014-01-30T14:32:39.645170 #6179]  INFO -- : Processing by StaticPagesController#LocalRanking as HTML
I, [2014-01-30T14:32:39.646999 #6179]  INFO -- :   Rendered static_pages/LocalRanking.html.erb within layouts/application (0.1ms)
I, [2014-01-30T14:32:39.648916 #6179]  INFO -- :   Rendered layouts/_shim.html.erb (0.1ms)
I, [2014-01-30T14:32:39.650034 #6179]  INFO -- :   Rendered layouts/_header.html.erb (0.5ms)
I, [2014-01-30T14:32:39.650916 #6179]  INFO -- :   Rendered layouts/_footer.html.erb (0.2ms)
I, [2014-01-30T14:32:39.651588 #6179]  INFO -- : Completed 200 OK in 6ms (Views: 5.2ms | ActiveRecord: 0.0ms)
I, [2014-01-30T14:32:39.716984 #6179]  INFO -- : Started GET "/stylesheets/application.css" for 127.0.0.1 at 2014-01-30 14:32:39 +0200
F, [2014-01-30T14:32:39.719549 #6179] FATAL -- : 
ActionController::RoutingError (No route matches [GET] "/stylesheets/application.css"):
  actionpack (4.0.2) lib/action_dispatch/middleware/debug_exceptions.rb:21:in `call'
  actionpack (4.0.2) lib/action_dispatch/middleware/show_exceptions.rb:30:in `call'
  railties (4.0.2) lib/rails/rack/logger.rb:38:in `call_app'
  railties (4.0.2) lib/rails/rack/logger.rb:20:in `block in call'
  activesupport (4.0.2) lib/active_support/tagged_logging.rb:67:in `block in tagged'
  activesupport (4.0.2) lib/active_support/tagged_logging.rb:25:in `tagged'
  activesupport (4.0.2) lib/active_support/tagged_logging.rb:67:in `tagged'
  railties (4.0.2) lib/rails/rack/logger.rb:20:in `call'
  actionpack (4.0.2) lib/action_dispatch/middleware/request_id.rb:21:in `call'
  rack (1.5.2) lib/rack/methodoverride.rb:21:in `call'
  rack (1.5.2) lib/rack/runtime.rb:17:in `call'
  activesupport (4.0.2) lib/active_support/cache/strategy/local_cache.rb:83:in `call'
  rack (1.5.2) lib/rack/sendfile.rb:112:in `call'
  railties (4.0.2) lib/rails/engine.rb:511:in `call'
  railties (4.0.2) lib/rails/application.rb:97:in `call'
  rack (1.5.2) lib/rack/content_length.rb:14:in `call'
  puma (2.7.1) lib/puma/server.rb:486:in `handle_request'
  puma (2.7.1) lib/puma/server.rb:357:in `process_client'
  puma (2.7.1) lib/puma/server.rb:250:in `block in run'
  puma (2.7.1) lib/puma/thread_pool.rb:92:in `call'
  puma (2.7.1) lib/puma/thread_pool.rb:92:in `block in spawn_thread'


I, [2014-01-30T14:32:39.728258 #6179]  INFO -- : Started GET "/javascripts/application.js" for 127.0.0.1 at 2014-01-30 14:32:39 +0200
F, [2014-01-30T14:32:39.730879 #6179] FATAL -- : 
ActionController::RoutingError (No route matches [GET] "/javascripts/application.js"):
  actionpack (4.0.2) lib/action_dispatch/middleware/debug_exceptions.rb:21:in `call'
  actionpack (4.0.2) lib/action_dispatch/middleware/show_exceptions.rb:30:in `call'
  railties (4.0.2) lib/rails/rack/logger.rb:38:in `call_app'
  railties (4.0.2) lib/rails/rack/logger.rb:20:in `block in call'
  activesupport (4.0.2) lib/active_support/tagged_logging.rb:67:in `block in tagged'
  activesupport (4.0.2) lib/active_support/tagged_logging.rb:25:in `tagged'
  activesupport (4.0.2) lib/active_support/tagged_logging.rb:67:in `tagged'
  railties (4.0.2) lib/rails/rack/logger.rb:20:in `call'
  actionpack (4.0.2) lib/action_dispatch/middleware/request_id.rb:21:in `call'
  rack (1.5.2) lib/rack/methodoverride.rb:21:in `call'
  rack (1.5.2) lib/rack/runtime.rb:17:in `call'
  activesupport (4.0.2) lib/active_support/cache/strategy/local_cache.rb:83:in `call'
  rack (1.5.2) lib/rack/sendfile.rb:112:in `call'
  railties (4.0.2) lib/rails/engine.rb:511:in `call'
  railties (4.0.2) lib/rails/application.rb:97:in `call'
  rack (1.5.2) lib/rack/content_length.rb:14:in `call'
  puma (2.7.1) lib/puma/server.rb:486:in `handle_request'
  puma (2.7.1) lib/puma/server.rb:357:in `process_client'
  puma (2.7.1) lib/puma/server.rb:250:in `block in run'
  puma (2.7.1) lib/puma/thread_pool.rb:92:in `call'
  puma (2.7.1) lib/puma/thread_pool.rb:92:in `block in spawn_thread'


I, [2014-01-30T14:32:40.463206 #6179]  INFO -- : Started GET "/global_ranking" for 127.0.0.1 at 2014-01-30 14:32:40 +0200
I, [2014-01-30T14:32:40.464842 #6179]  INFO -- : Processing by StaticPagesController#GlobalRanking as HTML
E, [2014-01-30T14:32:40.467734 #6179] ERROR -- : SQLite3::SQLException: no such table: scores: SELECT "scores".* FROM "scores"   ORDER BY "scores"."scoring" DESC
I, [2014-01-30T14:32:40.470796 #6179]  INFO -- :   Rendered static_pages/GlobalRanking.html.haml within layouts/application (4.1ms)
I, [2014-01-30T14:32:40.471405 #6179]  INFO -- : Completed 500 Internal Server Error in 6ms
F, [2014-01-30T14:32:40.482461 #6179] FATAL -- : 
ActionView::Template::Error (SQLite3::SQLException: no such table: scores: SELECT "scores".* FROM "scores"   ORDER BY "scores"."scoring" DESC):
    2: 	%thead
    3: 		%th User
    4: 		%th Fasole
    5: 	- @scorings.each do |scoring|
    6: 		%tr
    7: 			%td= scoring.name
    8: 			%td= scoring.scoring
  app/views/static_pages/GlobalRanking.html.haml:5:in `_app_views_static_pages__lobal_anking_html_haml___377767598_88979530'


I, [2014-01-30T14:32:42.794289 #6179]  INFO -- : Started GET "/" for 127.0.0.1 at 2014-01-30 14:32:42 +0200
I, [2014-01-30T14:32:42.796240 #6179]  INFO -- : Processing by StaticPagesController#Home as HTML
I, [2014-01-30T14:32:42.798071 #6179]  INFO -- :   Rendered static_pages/Home.html.erb within layouts/application (0.1ms)
I, [2014-01-30T14:32:42.800135 #6179]  INFO -- :   Rendered layouts/_shim.html.erb (0.1ms)
I, [2014-01-30T14:32:42.801147 #6179]  INFO -- :   Rendered layouts/_header.html.erb (0.6ms)
I, [2014-01-30T14:32:42.801863 #6179]  INFO -- :   Rendered layouts/_footer.html.erb (0.2ms)
I, [2014-01-30T14:32:42.802471 #6179]  INFO -- : Completed 200 OK in 6ms (Views: 5.1ms | ActiveRecord: 0.0ms)
I, [2014-01-30T14:32:42.864892 #6179]  INFO -- : Started GET "/javascripts/application.js" for 127.0.0.1 at 2014-01-30 14:32:42 +0200
I, [2014-01-30T14:32:42.867386 #6179]  INFO -- : Started GET "/stylesheets/application.css" for 127.0.0.1 at 2014-01-30 14:32:42 +0200
F, [2014-01-30T14:32:42.869862 #6179] FATAL -- : 
ActionController::RoutingError (No route matches [GET] "/javascripts/application.js"):
  actionpack (4.0.2) lib/action_dispatch/middleware/debug_exceptions.rb:21:in `call'
  actionpack (4.0.2) lib/action_dispatch/middleware/show_exceptions.rb:30:in `call'
  railties (4.0.2) lib/rails/rack/logger.rb:38:in `call_app'
  railties (4.0.2) lib/rails/rack/logger.rb:20:in `block in call'
  activesupport (4.0.2) lib/active_support/tagged_logging.rb:67:in `block in tagged'
  activesupport (4.0.2) lib/active_support/tagged_logging.rb:25:in `tagged'
  activesupport (4.0.2) lib/active_support/tagged_logging.rb:67:in `tagged'
  railties (4.0.2) lib/rails/rack/logger.rb:20:in `call'
  actionpack (4.0.2) lib/action_dispatch/middleware/request_id.rb:21:in `call'
  rack (1.5.2) lib/rack/methodoverride.rb:21:in `call'
  rack (1.5.2) lib/rack/runtime.rb:17:in `call'
  activesupport (4.0.2) lib/active_support/cache/strategy/local_cache.rb:83:in `call'
  rack (1.5.2) lib/rack/sendfile.rb:112:in `call'
  railties (4.0.2) lib/rails/engine.rb:511:in `call'
  railties (4.0.2) lib/rails/application.rb:97:in `call'
  rack (1.5.2) lib/rack/content_length.rb:14:in `call'
  puma (2.7.1) lib/puma/server.rb:486:in `handle_request'
  puma (2.7.1) lib/puma/server.rb:357:in `process_client'
  puma (2.7.1) lib/puma/server.rb:250:in `block in run'
  puma (2.7.1) lib/puma/thread_pool.rb:92:in `call'
  puma (2.7.1) lib/puma/thread_pool.rb:92:in `block in spawn_thread'


F, [2014-01-30T14:32:42.870766 #6179] FATAL -- : 
ActionController::RoutingError (No route matches [GET] "/stylesheets/application.css"):
  actionpack (4.0.2) lib/action_dispatch/middleware/debug_exceptions.rb:21:in `call'
  actionpack (4.0.2) lib/action_dispatch/middleware/show_exceptions.rb:30:in `call'
  railties (4.0.2) lib/rails/rack/logger.rb:38:in `call_app'
  railties (4.0.2) lib/rails/rack/logger.rb:20:in `block in call'
  activesupport (4.0.2) lib/active_support/tagged_logging.rb:67:in `block in tagged'
  activesupport (4.0.2) lib/active_support/tagged_logging.rb:25:in `tagged'
  activesupport (4.0.2) lib/active_support/tagged_logging.rb:67:in `tagged'
  railties (4.0.2) lib/rails/rack/logger.rb:20:in `call'
  actionpack (4.0.2) lib/action_dispatch/middleware/request_id.rb:21:in `call'
  rack (1.5.2) lib/rack/methodoverride.rb:21:in `call'
  rack (1.5.2) lib/rack/runtime.rb:17:in `call'
  activesupport (4.0.2) lib/active_support/cache/strategy/local_cache.rb:83:in `call'
  rack (1.5.2) lib/rack/sendfile.rb:112:in `call'
  railties (4.0.2) lib/rails/engine.rb:511:in `call'
  railties (4.0.2) lib/rails/application.rb:97:in `call'
  rack (1.5.2) lib/rack/content_length.rb:14:in `call'
  puma (2.7.1) lib/puma/server.rb:486:in `handle_request'
  puma (2.7.1) lib/puma/server.rb:357:in `process_client'
  puma (2.7.1) lib/puma/server.rb:250:in `block in run'
  puma (2.7.1) lib/puma/thread_pool.rb:92:in `call'
  puma (2.7.1) lib/puma/thread_pool.rb:92:in `block in spawn_thread'


I, [2014-01-30T14:32:47.230208 #6179]  INFO -- : Started GET "/global_ranking" for 127.0.0.1 at 2014-01-30 14:32:47 +0200
I, [2014-01-30T14:32:47.231839 #6179]  INFO -- : Processing by StaticPagesController#GlobalRanking as HTML
E, [2014-01-30T14:32:47.234785 #6179] ERROR -- : SQLite3::SQLException: no such table: scores: SELECT "scores".* FROM "scores"   ORDER BY "scores"."scoring" DESC
I, [2014-01-30T14:32:47.237179 #6179]  INFO -- :   Rendered static_pages/GlobalRanking.html.haml within layouts/application (3.3ms)
I, [2014-01-30T14:32:47.237780 #6179]  INFO -- : Completed 500 Internal Server Error in 5ms
F, [2014-01-30T14:32:47.250017 #6179] FATAL -- : 
ActionView::Template::Error (SQLite3::SQLException: no such table: scores: SELECT "scores".* FROM "scores"   ORDER BY "scores"."scoring" DESC):
    2: 	%thead
    3: 		%th User
    4: 		%th Fasole
    5: 	- @scorings.each do |scoring|
    6: 		%tr
    7: 			%td= scoring.name
    8: 			%td= scoring.scoring
  app/views/static_pages/GlobalRanking.html.haml:5:in `_app_views_static_pages__lobal_anking_html_haml___377767598_88979530'


I, [2014-01-30T14:32:50.739219 #6179]  INFO -- : Started GET "/" for 127.0.0.1 at 2014-01-30 14:32:50 +0200
I, [2014-01-30T14:32:50.741342 #6179]  INFO -- : Processing by StaticPagesController#Home as HTML
I, [2014-01-30T14:32:50.743191 #6179]  INFO -- :   Rendered static_pages/Home.html.erb within layouts/application (0.1ms)
I, [2014-01-30T14:32:50.797596 #6179]  INFO -- :   Rendered layouts/_shim.html.erb (0.2ms)
I, [2014-01-30T14:32:50.799768 #6179]  INFO -- :   Rendered layouts/_header.html.erb (1.0ms)
I, [2014-01-30T14:32:50.800490 #6179]  INFO -- :   Rendered layouts/_footer.html.erb (0.2ms)
I, [2014-01-30T14:32:50.801158 #6179]  INFO -- : Completed 200 OK in 59ms (Views: 58.6ms | ActiveRecord: 0.0ms)
I, [2014-01-30T14:32:50.854141 #6179]  INFO -- : Started GET "/stylesheets/application.css" for 127.0.0.1 at 2014-01-30 14:32:50 +0200
F, [2014-01-30T14:32:50.856916 #6179] FATAL -- : 
ActionController::RoutingError (No route matches [GET] "/stylesheets/application.css"):
  actionpack (4.0.2) lib/action_dispatch/middleware/debug_exceptions.rb:21:in `call'
  actionpack (4.0.2) lib/action_dispatch/middleware/show_exceptions.rb:30:in `call'
  railties (4.0.2) lib/rails/rack/logger.rb:38:in `call_app'
  railties (4.0.2) lib/rails/rack/logger.rb:20:in `block in call'
  activesupport (4.0.2) lib/active_support/tagged_logging.rb:67:in `block in tagged'
  activesupport (4.0.2) lib/active_support/tagged_logging.rb:25:in `tagged'
  activesupport (4.0.2) lib/active_support/tagged_logging.rb:67:in `tagged'
  railties (4.0.2) lib/rails/rack/logger.rb:20:in `call'
  actionpack (4.0.2) lib/action_dispatch/middleware/request_id.rb:21:in `call'
  rack (1.5.2) lib/rack/methodoverride.rb:21:in `call'
  rack (1.5.2) lib/rack/runtime.rb:17:in `call'
  activesupport (4.0.2) lib/active_support/cache/strategy/local_cache.rb:83:in `call'
  rack (1.5.2) lib/rack/sendfile.rb:112:in `call'
  railties (4.0.2) lib/rails/engine.rb:511:in `call'
  railties (4.0.2) lib/rails/application.rb:97:in `call'
  rack (1.5.2) lib/rack/content_length.rb:14:in `call'
  puma (2.7.1) lib/puma/server.rb:486:in `handle_request'
  puma (2.7.1) lib/puma/server.rb:357:in `process_client'
  puma (2.7.1) lib/puma/server.rb:250:in `block in run'
  puma (2.7.1) lib/puma/thread_pool.rb:92:in `call'
  puma (2.7.1) lib/puma/thread_pool.rb:92:in `block in spawn_thread'


I, [2014-01-30T14:32:50.860123 #6179]  INFO -- : Started GET "/javascripts/application.js" for 127.0.0.1 at 2014-01-30 14:32:50 +0200
F, [2014-01-30T14:32:50.862867 #6179] FATAL -- : 
ActionController::RoutingError (No route matches [GET] "/javascripts/application.js"):
  actionpack (4.0.2) lib/action_dispatch/middleware/debug_exceptions.rb:21:in `call'
  actionpack (4.0.2) lib/action_dispatch/middleware/show_exceptions.rb:30:in `call'
  railties (4.0.2) lib/rails/rack/logger.rb:38:in `call_app'
  railties (4.0.2) lib/rails/rack/logger.rb:20:in `block in call'
  activesupport (4.0.2) lib/active_support/tagged_logging.rb:67:in `block in tagged'
  activesupport (4.0.2) lib/active_support/tagged_logging.rb:25:in `tagged'
  activesupport (4.0.2) lib/active_support/tagged_logging.rb:67:in `tagged'
  railties (4.0.2) lib/rails/rack/logger.rb:20:in `call'
  actionpack (4.0.2) lib/action_dispatch/middleware/request_id.rb:21:in `call'
  rack (1.5.2) lib/rack/methodoverride.rb:21:in `call'
  rack (1.5.2) lib/rack/runtime.rb:17:in `call'
  activesupport (4.0.2) lib/active_support/cache/strategy/local_cache.rb:83:in `call'
  rack (1.5.2) lib/rack/sendfile.rb:112:in `call'
  railties (4.0.2) lib/rails/engine.rb:511:in `call'
  railties (4.0.2) lib/rails/application.rb:97:in `call'
  rack (1.5.2) lib/rack/content_length.rb:14:in `call'
  puma (2.7.1) lib/puma/server.rb:486:in `handle_request'
  puma (2.7.1) lib/puma/server.rb:357:in `process_client'
  puma (2.7.1) lib/puma/server.rb:250:in `block in run'
  puma (2.7.1) lib/puma/thread_pool.rb:92:in `call'
  puma (2.7.1) lib/puma/thread_pool.rb:92:in `block in spawn_thread'


I, [2014-01-30T14:35:32.293626 #6222]  INFO -- : Started GET "/" for 127.0.0.1 at 2014-01-30 14:35:32 +0200
I, [2014-01-30T14:35:32.303190 #6222]  INFO -- : Processing by StaticPagesController#Home as HTML
I, [2014-01-30T14:35:32.307012 #6222]  INFO -- :   Rendered static_pages/Home.html.erb within layouts/application (0.6ms)
I, [2014-01-30T14:35:32.329552 #6222]  INFO -- :   Rendered layouts/_shim.html.erb (0.4ms)
I, [2014-01-30T14:35:32.331383 #6222]  INFO -- :   Rendered layouts/_header.html.erb (0.9ms)
I, [2014-01-30T14:35:32.332811 #6222]  INFO -- :   Rendered layouts/_footer.html.erb (0.5ms)
I, [2014-01-30T14:35:32.333277 #6222]  INFO -- : Completed 200 OK in 30ms (Views: 29.0ms | ActiveRecord: 0.0ms)
I, [2014-01-30T14:35:32.398276 #6222]  INFO -- : Started GET "/assets/application-809c6b2fe54bafb9c32c25b63ebfc89f.css" for 127.0.0.1 at 2014-01-30 14:35:32 +0200
F, [2014-01-30T14:35:32.399673 #6222] FATAL -- : 
ActionController::RoutingError (No route matches [GET] "/assets/application-809c6b2fe54bafb9c32c25b63ebfc89f.css"):
  actionpack (4.0.2) lib/action_dispatch/middleware/debug_exceptions.rb:21:in `call'
  actionpack (4.0.2) lib/action_dispatch/middleware/show_exceptions.rb:30:in `call'
  railties (4.0.2) lib/rails/rack/logger.rb:38:in `call_app'
  railties (4.0.2) lib/rails/rack/logger.rb:20:in `block in call'
  activesupport (4.0.2) lib/active_support/tagged_logging.rb:67:in `block in tagged'
  activesupport (4.0.2) lib/active_support/tagged_logging.rb:25:in `tagged'
  activesupport (4.0.2) lib/active_support/tagged_logging.rb:67:in `tagged'
  railties (4.0.2) lib/rails/rack/logger.rb:20:in `call'
  actionpack (4.0.2) lib/action_dispatch/middleware/request_id.rb:21:in `call'
  rack (1.5.2) lib/rack/methodoverride.rb:21:in `call'
  rack (1.5.2) lib/rack/runtime.rb:17:in `call'
  activesupport (4.0.2) lib/active_support/cache/strategy/local_cache.rb:83:in `call'
  rack (1.5.2) lib/rack/sendfile.rb:112:in `call'
  railties (4.0.2) lib/rails/engine.rb:511:in `call'
  railties (4.0.2) lib/rails/application.rb:97:in `call'
  rack (1.5.2) lib/rack/content_length.rb:14:in `call'
  puma (2.7.1) lib/puma/server.rb:486:in `handle_request'
  puma (2.7.1) lib/puma/server.rb:357:in `process_client'
  puma (2.7.1) lib/puma/server.rb:250:in `block in run'
  puma (2.7.1) lib/puma/thread_pool.rb:92:in `call'
  puma (2.7.1) lib/puma/thread_pool.rb:92:in `block in spawn_thread'


I, [2014-01-30T14:35:32.421040 #6222]  INFO -- : Started GET "/assets/application-124b14da968228fe1300d43ad2aa6bde.js" for 127.0.0.1 at 2014-01-30 14:35:32 +0200
F, [2014-01-30T14:35:32.422334 #6222] FATAL -- : 
ActionController::RoutingError (No route matches [GET] "/assets/application-124b14da968228fe1300d43ad2aa6bde.js"):
  actionpack (4.0.2) lib/action_dispatch/middleware/debug_exceptions.rb:21:in `call'
  actionpack (4.0.2) lib/action_dispatch/middleware/show_exceptions.rb:30:in `call'
  railties (4.0.2) lib/rails/rack/logger.rb:38:in `call_app'
  railties (4.0.2) lib/rails/rack/logger.rb:20:in `block in call'
  activesupport (4.0.2) lib/active_support/tagged_logging.rb:67:in `block in tagged'
  activesupport (4.0.2) lib/active_support/tagged_logging.rb:25:in `tagged'
  activesupport (4.0.2) lib/active_support/tagged_logging.rb:67:in `tagged'
  railties (4.0.2) lib/rails/rack/logger.rb:20:in `call'
  actionpack (4.0.2) lib/action_dispatch/middleware/request_id.rb:21:in `call'
  rack (1.5.2) lib/rack/methodoverride.rb:21:in `call'
  rack (1.5.2) lib/rack/runtime.rb:17:in `call'
  activesupport (4.0.2) lib/active_support/cache/strategy/local_cache.rb:83:in `call'
  rack (1.5.2) lib/rack/sendfile.rb:112:in `call'
  railties (4.0.2) lib/rails/engine.rb:511:in `call'
  railties (4.0.2) lib/rails/application.rb:97:in `call'
  rack (1.5.2) lib/rack/content_length.rb:14:in `call'
  puma (2.7.1) lib/puma/server.rb:486:in `handle_request'
  puma (2.7.1) lib/puma/server.rb:357:in `process_client'
  puma (2.7.1) lib/puma/server.rb:250:in `block in run'
  puma (2.7.1) lib/puma/thread_pool.rb:92:in `call'
  puma (2.7.1) lib/puma/thread_pool.rb:92:in `block in spawn_thread'


I, [2014-01-30T14:35:33.158257 #6222]  INFO -- : Started GET "/" for 127.0.0.1 at 2014-01-30 14:35:33 +0200
I, [2014-01-30T14:35:33.161306 #6222]  INFO -- : Processing by StaticPagesController#Home as HTML
I, [2014-01-30T14:35:33.163218 #6222]  INFO -- :   Rendered static_pages/Home.html.erb within layouts/application (0.1ms)
I, [2014-01-30T14:35:33.165772 #6222]  INFO -- :   Rendered layouts/_shim.html.erb (0.1ms)
I, [2014-01-30T14:35:33.166939 #6222]  INFO -- :   Rendered layouts/_header.html.erb (0.5ms)
I, [2014-01-30T14:35:33.167818 #6222]  INFO -- :   Rendered layouts/_footer.html.erb (0.2ms)
I, [2014-01-30T14:35:33.168611 #6222]  INFO -- : Completed 200 OK in 7ms (Views: 5.9ms | ActiveRecord: 0.0ms)
I, [2014-01-30T14:35:33.309173 #6222]  INFO -- : Started GET "/assets/application-124b14da968228fe1300d43ad2aa6bde.js" for 127.0.0.1 at 2014-01-30 14:35:33 +0200
F, [2014-01-30T14:35:33.312389 #6222] FATAL -- : 
ActionController::RoutingError (No route matches [GET] "/assets/application-124b14da968228fe1300d43ad2aa6bde.js"):
  actionpack (4.0.2) lib/action_dispatch/middleware/debug_exceptions.rb:21:in `call'
  actionpack (4.0.2) lib/action_dispatch/middleware/show_exceptions.rb:30:in `call'
  railties (4.0.2) lib/rails/rack/logger.rb:38:in `call_app'
  railties (4.0.2) lib/rails/rack/logger.rb:20:in `block in call'
  activesupport (4.0.2) lib/active_support/tagged_logging.rb:67:in `block in tagged'
  activesupport (4.0.2) lib/active_support/tagged_logging.rb:25:in `tagged'
  activesupport (4.0.2) lib/active_support/tagged_logging.rb:67:in `tagged'
  railties (4.0.2) lib/rails/rack/logger.rb:20:in `call'
  actionpack (4.0.2) lib/action_dispatch/middleware/request_id.rb:21:in `call'
  rack (1.5.2) lib/rack/methodoverride.rb:21:in `call'
  rack (1.5.2) lib/rack/runtime.rb:17:in `call'
  activesupport (4.0.2) lib/active_support/cache/strategy/local_cache.rb:83:in `call'
  rack (1.5.2) lib/rack/sendfile.rb:112:in `call'
  railties (4.0.2) lib/rails/engine.rb:511:in `call'
  railties (4.0.2) lib/rails/application.rb:97:in `call'
  rack (1.5.2) lib/rack/content_length.rb:14:in `call'
  puma (2.7.1) lib/puma/server.rb:486:in `handle_request'
  puma (2.7.1) lib/puma/server.rb:357:in `process_client'
  puma (2.7.1) lib/puma/server.rb:250:in `block in run'
  puma (2.7.1) lib/puma/thread_pool.rb:92:in `call'
  puma (2.7.1) lib/puma/thread_pool.rb:92:in `block in spawn_thread'


I, [2014-01-30T14:35:33.317951 #6222]  INFO -- : Started GET "/assets/application-809c6b2fe54bafb9c32c25b63ebfc89f.css" for 127.0.0.1 at 2014-01-30 14:35:33 +0200
F, [2014-01-30T14:35:33.328933 #6222] FATAL -- : 
ActionController::RoutingError (No route matches [GET] "/assets/application-809c6b2fe54bafb9c32c25b63ebfc89f.css"):
  actionpack (4.0.2) lib/action_dispatch/middleware/debug_exceptions.rb:21:in `call'
  actionpack (4.0.2) lib/action_dispatch/middleware/show_exceptions.rb:30:in `call'
  railties (4.0.2) lib/rails/rack/logger.rb:38:in `call_app'
  railties (4.0.2) lib/rails/rack/logger.rb:20:in `block in call'
  activesupport (4.0.2) lib/active_support/tagged_logging.rb:67:in `block in tagged'
  activesupport (4.0.2) lib/active_support/tagged_logging.rb:25:in `tagged'
  activesupport (4.0.2) lib/active_support/tagged_logging.rb:67:in `tagged'
  railties (4.0.2) lib/rails/rack/logger.rb:20:in `call'
  actionpack (4.0.2) lib/action_dispatch/middleware/request_id.rb:21:in `call'
  rack (1.5.2) lib/rack/methodoverride.rb:21:in `call'
  rack (1.5.2) lib/rack/runtime.rb:17:in `call'
  activesupport (4.0.2) lib/active_support/cache/strategy/local_cache.rb:83:in `call'
  rack (1.5.2) lib/rack/sendfile.rb:112:in `call'
  railties (4.0.2) lib/rails/engine.rb:511:in `call'
  railties (4.0.2) lib/rails/application.rb:97:in `call'
  rack (1.5.2) lib/rack/content_length.rb:14:in `call'
  puma (2.7.1) lib/puma/server.rb:486:in `handle_request'
  puma (2.7.1) lib/puma/server.rb:357:in `process_client'
  puma (2.7.1) lib/puma/server.rb:250:in `block in run'
  puma (2.7.1) lib/puma/thread_pool.rb:92:in `call'
  puma (2.7.1) lib/puma/thread_pool.rb:92:in `block in spawn_thread'


I, [2014-01-30T14:35:33.698696 #6222]  INFO -- : Started GET "/" for 127.0.0.1 at 2014-01-30 14:35:33 +0200
I, [2014-01-30T14:35:33.700892 #6222]  INFO -- : Processing by StaticPagesController#Home as HTML
I, [2014-01-30T14:35:33.702850 #6222]  INFO -- :   Rendered static_pages/Home.html.erb within layouts/application (0.1ms)
I, [2014-01-30T14:35:33.705463 #6222]  INFO -- :   Rendered layouts/_shim.html.erb (0.1ms)
I, [2014-01-30T14:35:33.706578 #6222]  INFO -- :   Rendered layouts/_header.html.erb (0.6ms)
I, [2014-01-30T14:35:33.707317 #6222]  INFO -- :   Rendered layouts/_footer.html.erb (0.2ms)
I, [2014-01-30T14:35:33.707891 #6222]  INFO -- : Completed 200 OK in 7ms (Views: 5.8ms | ActiveRecord: 0.0ms)
I, [2014-01-30T14:35:33.831593 #6222]  INFO -- : Started GET "/assets/application-809c6b2fe54bafb9c32c25b63ebfc89f.css" for 127.0.0.1 at 2014-01-30 14:35:33 +0200
F, [2014-01-30T14:35:33.832970 #6222] FATAL -- : 
ActionController::RoutingError (No route matches [GET] "/assets/application-809c6b2fe54bafb9c32c25b63ebfc89f.css"):
  actionpack (4.0.2) lib/action_dispatch/middleware/debug_exceptions.rb:21:in `call'
  actionpack (4.0.2) lib/action_dispatch/middleware/show_exceptions.rb:30:in `call'
  railties (4.0.2) lib/rails/rack/logger.rb:38:in `call_app'
  railties (4.0.2) lib/rails/rack/logger.rb:20:in `block in call'
  activesupport (4.0.2) lib/active_support/tagged_logging.rb:67:in `block in tagged'
  activesupport (4.0.2) lib/active_support/tagged_logging.rb:25:in `tagged'
  activesupport (4.0.2) lib/active_support/tagged_logging.rb:67:in `tagged'
  railties (4.0.2) lib/rails/rack/logger.rb:20:in `call'
  actionpack (4.0.2) lib/action_dispatch/middleware/request_id.rb:21:in `call'
  rack (1.5.2) lib/rack/methodoverride.rb:21:in `call'
  rack (1.5.2) lib/rack/runtime.rb:17:in `call'
  activesupport (4.0.2) lib/active_support/cache/strategy/local_cache.rb:83:in `call'
  rack (1.5.2) lib/rack/sendfile.rb:112:in `call'
  railties (4.0.2) lib/rails/engine.rb:511:in `call'
  railties (4.0.2) lib/rails/application.rb:97:in `call'
  rack (1.5.2) lib/rack/content_length.rb:14:in `call'
  puma (2.7.1) lib/puma/server.rb:486:in `handle_request'
  puma (2.7.1) lib/puma/server.rb:357:in `process_client'
  puma (2.7.1) lib/puma/server.rb:250:in `block in run'
  puma (2.7.1) lib/puma/thread_pool.rb:92:in `call'
  puma (2.7.1) lib/puma/thread_pool.rb:92:in `block in spawn_thread'


I, [2014-01-30T14:35:33.834453 #6222]  INFO -- : Started GET "/assets/application-124b14da968228fe1300d43ad2aa6bde.js" for 127.0.0.1 at 2014-01-30 14:35:33 +0200
F, [2014-01-30T14:35:33.835864 #6222] FATAL -- : 
ActionController::RoutingError (No route matches [GET] "/assets/application-124b14da968228fe1300d43ad2aa6bde.js"):
  actionpack (4.0.2) lib/action_dispatch/middleware/debug_exceptions.rb:21:in `call'
  actionpack (4.0.2) lib/action_dispatch/middleware/show_exceptions.rb:30:in `call'
  railties (4.0.2) lib/rails/rack/logger.rb:38:in `call_app'
  railties (4.0.2) lib/rails/rack/logger.rb:20:in `block in call'
  activesupport (4.0.2) lib/active_support/tagged_logging.rb:67:in `block in tagged'
  activesupport (4.0.2) lib/active_support/tagged_logging.rb:25:in `tagged'
  activesupport (4.0.2) lib/active_support/tagged_logging.rb:67:in `tagged'
  railties (4.0.2) lib/rails/rack/logger.rb:20:in `call'
  actionpack (4.0.2) lib/action_dispatch/middleware/request_id.rb:21:in `call'
  rack (1.5.2) lib/rack/methodoverride.rb:21:in `call'
  rack (1.5.2) lib/rack/runtime.rb:17:in `call'
  activesupport (4.0.2) lib/active_support/cache/strategy/local_cache.rb:83:in `call'
  rack (1.5.2) lib/rack/sendfile.rb:112:in `call'
  railties (4.0.2) lib/rails/engine.rb:511:in `call'
  railties (4.0.2) lib/rails/application.rb:97:in `call'
  rack (1.5.2) lib/rack/content_length.rb:14:in `call'
  puma (2.7.1) lib/puma/server.rb:486:in `handle_request'
  puma (2.7.1) lib/puma/server.rb:357:in `process_client'
  puma (2.7.1) lib/puma/server.rb:250:in `block in run'
  puma (2.7.1) lib/puma/thread_pool.rb:92:in `call'
  puma (2.7.1) lib/puma/thread_pool.rb:92:in `block in spawn_thread'


I, [2014-01-30T14:35:33.978911 #6222]  INFO -- : Started GET "/" for 127.0.0.1 at 2014-01-30 14:35:33 +0200
I, [2014-01-30T14:35:33.979853 #6222]  INFO -- : Processing by StaticPagesController#Home as HTML
I, [2014-01-30T14:35:33.980743 #6222]  INFO -- :   Rendered static_pages/Home.html.erb within layouts/application (0.1ms)
I, [2014-01-30T14:35:33.981790 #6222]  INFO -- :   Rendered layouts/_shim.html.erb (0.0ms)
I, [2014-01-30T14:35:33.982338 #6222]  INFO -- :   Rendered layouts/_header.html.erb (0.3ms)
I, [2014-01-30T14:35:33.983286 #6222]  INFO -- :   Rendered layouts/_footer.html.erb (0.1ms)
I, [2014-01-30T14:35:33.984858 #6222]  INFO -- : Completed 200 OK in 4ms (Views: 3.3ms | ActiveRecord: 0.0ms)
I, [2014-01-30T14:35:34.021103 #6222]  INFO -- : Started GET "/assets/application-124b14da968228fe1300d43ad2aa6bde.js" for 127.0.0.1 at 2014-01-30 14:35:34 +0200
F, [2014-01-30T14:35:34.022709 #6222] FATAL -- : 
ActionController::RoutingError (No route matches [GET] "/assets/application-124b14da968228fe1300d43ad2aa6bde.js"):
  actionpack (4.0.2) lib/action_dispatch/middleware/debug_exceptions.rb:21:in `call'
  actionpack (4.0.2) lib/action_dispatch/middleware/show_exceptions.rb:30:in `call'
  railties (4.0.2) lib/rails/rack/logger.rb:38:in `call_app'
  railties (4.0.2) lib/rails/rack/logger.rb:20:in `block in call'
  activesupport (4.0.2) lib/active_support/tagged_logging.rb:67:in `block in tagged'
  activesupport (4.0.2) lib/active_support/tagged_logging.rb:25:in `tagged'
  activesupport (4.0.2) lib/active_support/tagged_logging.rb:67:in `tagged'
  railties (4.0.2) lib/rails/rack/logger.rb:20:in `call'
  actionpack (4.0.2) lib/action_dispatch/middleware/request_id.rb:21:in `call'
  rack (1.5.2) lib/rack/methodoverride.rb:21:in `call'
  rack (1.5.2) lib/rack/runtime.rb:17:in `call'
  activesupport (4.0.2) lib/active_support/cache/strategy/local_cache.rb:83:in `call'
  rack (1.5.2) lib/rack/sendfile.rb:112:in `call'
  railties (4.0.2) lib/rails/engine.rb:511:in `call'
  railties (4.0.2) lib/rails/application.rb:97:in `call'
  rack (1.5.2) lib/rack/content_length.rb:14:in `call'
  puma (2.7.1) lib/puma/server.rb:486:in `handle_request'
  puma (2.7.1) lib/puma/server.rb:357:in `process_client'
  puma (2.7.1) lib/puma/server.rb:250:in `block in run'
  puma (2.7.1) lib/puma/thread_pool.rb:92:in `call'
  puma (2.7.1) lib/puma/thread_pool.rb:92:in `block in spawn_thread'


I, [2014-01-30T14:35:34.023503 #6222]  INFO -- : Started GET "/assets/application-809c6b2fe54bafb9c32c25b63ebfc89f.css" for 127.0.0.1 at 2014-01-30 14:35:34 +0200
F, [2014-01-30T14:35:34.025033 #6222] FATAL -- : 
ActionController::RoutingError (No route matches [GET] "/assets/application-809c6b2fe54bafb9c32c25b63ebfc89f.css"):
  actionpack (4.0.2) lib/action_dispatch/middleware/debug_exceptions.rb:21:in `call'
  actionpack (4.0.2) lib/action_dispatch/middleware/show_exceptions.rb:30:in `call'
  railties (4.0.2) lib/rails/rack/logger.rb:38:in `call_app'
  railties (4.0.2) lib/rails/rack/logger.rb:20:in `block in call'
  activesupport (4.0.2) lib/active_support/tagged_logging.rb:67:in `block in tagged'
  activesupport (4.0.2) lib/active_support/tagged_logging.rb:25:in `tagged'
  activesupport (4.0.2) lib/active_support/tagged_logging.rb:67:in `tagged'
  railties (4.0.2) lib/rails/rack/logger.rb:20:in `call'
  actionpack (4.0.2) lib/action_dispatch/middleware/request_id.rb:21:in `call'
  rack (1.5.2) lib/rack/methodoverride.rb:21:in `call'
  rack (1.5.2) lib/rack/runtime.rb:17:in `call'
  activesupport (4.0.2) lib/active_support/cache/strategy/local_cache.rb:83:in `call'
  rack (1.5.2) lib/rack/sendfile.rb:112:in `call'
  railties (4.0.2) lib/rails/engine.rb:511:in `call'
  railties (4.0.2) lib/rails/application.rb:97:in `call'
  rack (1.5.2) lib/rack/content_length.rb:14:in `call'
  puma (2.7.1) lib/puma/server.rb:486:in `handle_request'
  puma (2.7.1) lib/puma/server.rb:357:in `process_client'
  puma (2.7.1) lib/puma/server.rb:250:in `block in run'
  puma (2.7.1) lib/puma/thread_pool.rb:92:in `call'
  puma (2.7.1) lib/puma/thread_pool.rb:92:in `block in spawn_thread'


I, [2014-01-30T14:35:34.450366 #6222]  INFO -- : Started GET "/" for 127.0.0.1 at 2014-01-30 14:35:34 +0200
I, [2014-01-30T14:35:34.451962 #6222]  INFO -- : Processing by StaticPagesController#Home as HTML
I, [2014-01-30T14:35:34.453380 #6222]  INFO -- :   Rendered static_pages/Home.html.erb within layouts/application (0.1ms)
I, [2014-01-30T14:35:34.455492 #6222]  INFO -- :   Rendered layouts/_shim.html.erb (0.1ms)
I, [2014-01-30T14:35:34.456692 #6222]  INFO -- :   Rendered layouts/_header.html.erb (0.5ms)
I, [2014-01-30T14:35:34.457428 #6222]  INFO -- :   Rendered layouts/_footer.html.erb (0.2ms)
I, [2014-01-30T14:35:34.457929 #6222]  INFO -- : Completed 200 OK in 6ms (Views: 5.0ms | ActiveRecord: 0.0ms)
I, [2014-01-30T14:35:34.525297 #6222]  INFO -- : Started GET "/assets/application-809c6b2fe54bafb9c32c25b63ebfc89f.css" for 127.0.0.1 at 2014-01-30 14:35:34 +0200
F, [2014-01-30T14:35:34.529843 #6222] FATAL -- : 
ActionController::RoutingError (No route matches [GET] "/assets/application-809c6b2fe54bafb9c32c25b63ebfc89f.css"):
  actionpack (4.0.2) lib/action_dispatch/middleware/debug_exceptions.rb:21:in `call'
  actionpack (4.0.2) lib/action_dispatch/middleware/show_exceptions.rb:30:in `call'
  railties (4.0.2) lib/rails/rack/logger.rb:38:in `call_app'
  railties (4.0.2) lib/rails/rack/logger.rb:20:in `block in call'
  activesupport (4.0.2) lib/active_support/tagged_logging.rb:67:in `block in tagged'
  activesupport (4.0.2) lib/active_support/tagged_logging.rb:25:in `tagged'
  activesupport (4.0.2) lib/active_support/tagged_logging.rb:67:in `tagged'
  railties (4.0.2) lib/rails/rack/logger.rb:20:in `call'
  actionpack (4.0.2) lib/action_dispatch/middleware/request_id.rb:21:in `call'
  rack (1.5.2) lib/rack/methodoverride.rb:21:in `call'
  rack (1.5.2) lib/rack/runtime.rb:17:in `call'
  activesupport (4.0.2) lib/active_support/cache/strategy/local_cache.rb:83:in `call'
  rack (1.5.2) lib/rack/sendfile.rb:112:in `call'
  railties (4.0.2) lib/rails/engine.rb:511:in `call'
  railties (4.0.2) lib/rails/application.rb:97:in `call'
  rack (1.5.2) lib/rack/content_length.rb:14:in `call'
  puma (2.7.1) lib/puma/server.rb:486:in `handle_request'
  puma (2.7.1) lib/puma/server.rb:357:in `process_client'
  puma (2.7.1) lib/puma/server.rb:250:in `block in run'
  puma (2.7.1) lib/puma/thread_pool.rb:92:in `call'
  puma (2.7.1) lib/puma/thread_pool.rb:92:in `block in spawn_thread'


I, [2014-01-30T14:35:34.538376 #6222]  INFO -- : Started GET "/assets/application-124b14da968228fe1300d43ad2aa6bde.js" for 127.0.0.1 at 2014-01-30 14:35:34 +0200
F, [2014-01-30T14:35:34.541601 #6222] FATAL -- : 
ActionController::RoutingError (No route matches [GET] "/assets/application-124b14da968228fe1300d43ad2aa6bde.js"):
  actionpack (4.0.2) lib/action_dispatch/middleware/debug_exceptions.rb:21:in `call'
  actionpack (4.0.2) lib/action_dispatch/middleware/show_exceptions.rb:30:in `call'
  railties (4.0.2) lib/rails/rack/logger.rb:38:in `call_app'
  railties (4.0.2) lib/rails/rack/logger.rb:20:in `block in call'
  activesupport (4.0.2) lib/active_support/tagged_logging.rb:67:in `block in tagged'
  activesupport (4.0.2) lib/active_support/tagged_logging.rb:25:in `tagged'
  activesupport (4.0.2) lib/active_support/tagged_logging.rb:67:in `tagged'
  railties (4.0.2) lib/rails/rack/logger.rb:20:in `call'
  actionpack (4.0.2) lib/action_dispatch/middleware/request_id.rb:21:in `call'
  rack (1.5.2) lib/rack/methodoverride.rb:21:in `call'
  rack (1.5.2) lib/rack/runtime.rb:17:in `call'
  activesupport (4.0.2) lib/active_support/cache/strategy/local_cache.rb:83:in `call'
  rack (1.5.2) lib/rack/sendfile.rb:112:in `call'
  railties (4.0.2) lib/rails/engine.rb:511:in `call'
  railties (4.0.2) lib/rails/application.rb:97:in `call'
  rack (1.5.2) lib/rack/content_length.rb:14:in `call'
  puma (2.7.1) lib/puma/server.rb:486:in `handle_request'
  puma (2.7.1) lib/puma/server.rb:357:in `process_client'
  puma (2.7.1) lib/puma/server.rb:250:in `block in run'
  puma (2.7.1) lib/puma/thread_pool.rb:92:in `call'
  puma (2.7.1) lib/puma/thread_pool.rb:92:in `block in spawn_thread'


I, [2014-01-30T14:35:35.237882 #6222]  INFO -- : Started GET "/" for 127.0.0.1 at 2014-01-30 14:35:35 +0200
I, [2014-01-30T14:35:35.239498 #6222]  INFO -- : Processing by StaticPagesController#Home as HTML
I, [2014-01-30T14:35:35.240930 #6222]  INFO -- :   Rendered static_pages/Home.html.erb within layouts/application (0.1ms)
I, [2014-01-30T14:35:35.242659 #6222]  INFO -- :   Rendered layouts/_shim.html.erb (0.1ms)
I, [2014-01-30T14:35:35.243582 #6222]  INFO -- :   Rendered layouts/_header.html.erb (0.5ms)
I, [2014-01-30T14:35:35.244226 #6222]  INFO -- :   Rendered layouts/_footer.html.erb (0.2ms)
I, [2014-01-30T14:35:35.245609 #6222]  INFO -- : Completed 200 OK in 5ms (Views: 4.3ms | ActiveRecord: 0.0ms)
I, [2014-01-30T14:35:35.313683 #6222]  INFO -- : Started GET "/assets/application-809c6b2fe54bafb9c32c25b63ebfc89f.css" for 127.0.0.1 at 2014-01-30 14:35:35 +0200
F, [2014-01-30T14:35:35.317217 #6222] FATAL -- : 
ActionController::RoutingError (No route matches [GET] "/assets/application-809c6b2fe54bafb9c32c25b63ebfc89f.css"):
  actionpack (4.0.2) lib/action_dispatch/middleware/debug_exceptions.rb:21:in `call'
  actionpack (4.0.2) lib/action_dispatch/middleware/show_exceptions.rb:30:in `call'
  railties (4.0.2) lib/rails/rack/logger.rb:38:in `call_app'
  railties (4.0.2) lib/rails/rack/logger.rb:20:in `block in call'
  activesupport (4.0.2) lib/active_support/tagged_logging.rb:67:in `block in tagged'
  activesupport (4.0.2) lib/active_support/tagged_logging.rb:25:in `tagged'
  activesupport (4.0.2) lib/active_support/tagged_logging.rb:67:in `tagged'
  railties (4.0.2) lib/rails/rack/logger.rb:20:in `call'
  actionpack (4.0.2) lib/action_dispatch/middleware/request_id.rb:21:in `call'
  rack (1.5.2) lib/rack/methodoverride.rb:21:in `call'
  rack (1.5.2) lib/rack/runtime.rb:17:in `call'
  activesupport (4.0.2) lib/active_support/cache/strategy/local_cache.rb:83:in `call'
  rack (1.5.2) lib/rack/sendfile.rb:112:in `call'
  railties (4.0.2) lib/rails/engine.rb:511:in `call'
  railties (4.0.2) lib/rails/application.rb:97:in `call'
  rack (1.5.2) lib/rack/content_length.rb:14:in `call'
  puma (2.7.1) lib/puma/server.rb:486:in `handle_request'
  puma (2.7.1) lib/puma/server.rb:357:in `process_client'
  puma (2.7.1) lib/puma/server.rb:250:in `block in run'
  puma (2.7.1) lib/puma/thread_pool.rb:92:in `call'
  puma (2.7.1) lib/puma/thread_pool.rb:92:in `block in spawn_thread'


I, [2014-01-30T14:35:35.317340 #6222]  INFO -- : Started GET "/assets/application-124b14da968228fe1300d43ad2aa6bde.js" for 127.0.0.1 at 2014-01-30 14:35:35 +0200
F, [2014-01-30T14:35:35.320626 #6222] FATAL -- : 
ActionController::RoutingError (No route matches [GET] "/assets/application-124b14da968228fe1300d43ad2aa6bde.js"):
  actionpack (4.0.2) lib/action_dispatch/middleware/debug_exceptions.rb:21:in `call'
  actionpack (4.0.2) lib/action_dispatch/middleware/show_exceptions.rb:30:in `call'
  railties (4.0.2) lib/rails/rack/logger.rb:38:in `call_app'
  railties (4.0.2) lib/rails/rack/logger.rb:20:in `block in call'
  activesupport (4.0.2) lib/active_support/tagged_logging.rb:67:in `block in tagged'
  activesupport (4.0.2) lib/active_support/tagged_logging.rb:25:in `tagged'
  activesupport (4.0.2) lib/active_support/tagged_logging.rb:67:in `tagged'
  railties (4.0.2) lib/rails/rack/logger.rb:20:in `call'
  actionpack (4.0.2) lib/action_dispatch/middleware/request_id.rb:21:in `call'
  rack (1.5.2) lib/rack/methodoverride.rb:21:in `call'
  rack (1.5.2) lib/rack/runtime.rb:17:in `call'
  activesupport (4.0.2) lib/active_support/cache/strategy/local_cache.rb:83:in `call'
  rack (1.5.2) lib/rack/sendfile.rb:112:in `call'
  railties (4.0.2) lib/rails/engine.rb:511:in `call'
  railties (4.0.2) lib/rails/application.rb:97:in `call'
  rack (1.5.2) lib/rack/content_length.rb:14:in `call'
  puma (2.7.1) lib/puma/server.rb:486:in `handle_request'
  puma (2.7.1) lib/puma/server.rb:357:in `process_client'
  puma (2.7.1) lib/puma/server.rb:250:in `block in run'
  puma (2.7.1) lib/puma/thread_pool.rb:92:in `call'
  puma (2.7.1) lib/puma/thread_pool.rb:92:in `block in spawn_thread'


I, [2014-01-30T14:35:35.700075 #6222]  INFO -- : Started GET "/global_ranking" for 127.0.0.1 at 2014-01-30 14:35:35 +0200
I, [2014-01-30T14:35:35.701679 #6222]  INFO -- : Processing by StaticPagesController#GlobalRanking as HTML
E, [2014-01-30T14:35:35.710197 #6222] ERROR -- : SQLite3::SQLException: no such table: scores: SELECT "scores".* FROM "scores"   ORDER BY "scores"."scoring" DESC
I, [2014-01-30T14:35:35.714291 #6222]  INFO -- :   Rendered static_pages/GlobalRanking.html.haml within layouts/application (7.1ms)
I, [2014-01-30T14:35:35.714783 #6222]  INFO -- : Completed 500 Internal Server Error in 13ms
F, [2014-01-30T14:35:35.720035 #6222] FATAL -- : 
ActionView::Template::Error (SQLite3::SQLException: no such table: scores: SELECT "scores".* FROM "scores"   ORDER BY "scores"."scoring" DESC):
    2: 	%thead
    3: 		%th User
    4: 		%th Fasole
    5: 	- @scorings.each do |scoring|
    6: 		%tr
    7: 			%td= scoring.name
    8: 			%td= scoring.scoring
  app/views/static_pages/GlobalRanking.html.haml:5:in `_app_views_static_pages__lobal_anking_html_haml__588333697_81889560'


I, [2014-01-30T14:35:40.204361 #6222]  INFO -- : Started GET "/" for 127.0.0.1 at 2014-01-30 14:35:40 +0200
I, [2014-01-30T14:35:40.206579 #6222]  INFO -- : Processing by StaticPagesController#Home as HTML
I, [2014-01-30T14:35:40.208520 #6222]  INFO -- :   Rendered static_pages/Home.html.erb within layouts/application (0.1ms)
I, [2014-01-30T14:35:40.212658 #6222]  INFO -- :   Rendered layouts/_shim.html.erb (0.1ms)
I, [2014-01-30T14:35:40.213965 #6222]  INFO -- :   Rendered layouts/_header.html.erb (0.5ms)
I, [2014-01-30T14:35:40.214707 #6222]  INFO -- :   Rendered layouts/_footer.html.erb (0.2ms)
I, [2014-01-30T14:35:40.215281 #6222]  INFO -- : Completed 200 OK in 8ms (Views: 7.5ms | ActiveRecord: 0.0ms)
I, [2014-01-30T14:35:40.289719 #6222]  INFO -- : Started GET "/assets/application-809c6b2fe54bafb9c32c25b63ebfc89f.css" for 127.0.0.1 at 2014-01-30 14:35:40 +0200
F, [2014-01-30T14:35:40.293250 #6222] FATAL -- : 
ActionController::RoutingError (No route matches [GET] "/assets/application-809c6b2fe54bafb9c32c25b63ebfc89f.css"):
  actionpack (4.0.2) lib/action_dispatch/middleware/debug_exceptions.rb:21:in `call'
  actionpack (4.0.2) lib/action_dispatch/middleware/show_exceptions.rb:30:in `call'
  railties (4.0.2) lib/rails/rack/logger.rb:38:in `call_app'
  railties (4.0.2) lib/rails/rack/logger.rb:20:in `block in call'
  activesupport (4.0.2) lib/active_support/tagged_logging.rb:67:in `block in tagged'
  activesupport (4.0.2) lib/active_support/tagged_logging.rb:25:in `tagged'
  activesupport (4.0.2) lib/active_support/tagged_logging.rb:67:in `tagged'
  railties (4.0.2) lib/rails/rack/logger.rb:20:in `call'
  actionpack (4.0.2) lib/action_dispatch/middleware/request_id.rb:21:in `call'
  rack (1.5.2) lib/rack/methodoverride.rb:21:in `call'
  rack (1.5.2) lib/rack/runtime.rb:17:in `call'
  activesupport (4.0.2) lib/active_support/cache/strategy/local_cache.rb:83:in `call'
  rack (1.5.2) lib/rack/sendfile.rb:112:in `call'
  railties (4.0.2) lib/rails/engine.rb:511:in `call'
  railties (4.0.2) lib/rails/application.rb:97:in `call'
  rack (1.5.2) lib/rack/content_length.rb:14:in `call'
  puma (2.7.1) lib/puma/server.rb:486:in `handle_request'
  puma (2.7.1) lib/puma/server.rb:357:in `process_client'
  puma (2.7.1) lib/puma/server.rb:250:in `block in run'
  puma (2.7.1) lib/puma/thread_pool.rb:92:in `call'
  puma (2.7.1) lib/puma/thread_pool.rb:92:in `block in spawn_thread'


I, [2014-01-30T14:35:40.293721 #6222]  INFO -- : Started GET "/assets/application-124b14da968228fe1300d43ad2aa6bde.js" for 127.0.0.1 at 2014-01-30 14:35:40 +0200
F, [2014-01-30T14:35:40.296691 #6222] FATAL -- : 
ActionController::RoutingError (No route matches [GET] "/assets/application-124b14da968228fe1300d43ad2aa6bde.js"):
  actionpack (4.0.2) lib/action_dispatch/middleware/debug_exceptions.rb:21:in `call'
  actionpack (4.0.2) lib/action_dispatch/middleware/show_exceptions.rb:30:in `call'
  railties (4.0.2) lib/rails/rack/logger.rb:38:in `call_app'
  railties (4.0.2) lib/rails/rack/logger.rb:20:in `block in call'
  activesupport (4.0.2) lib/active_support/tagged_logging.rb:67:in `block in tagged'
  activesupport (4.0.2) lib/active_support/tagged_logging.rb:25:in `tagged'
  activesupport (4.0.2) lib/active_support/tagged_logging.rb:67:in `tagged'
  railties (4.0.2) lib/rails/rack/logger.rb:20:in `call'
  actionpack (4.0.2) lib/action_dispatch/middleware/request_id.rb:21:in `call'
  rack (1.5.2) lib/rack/methodoverride.rb:21:in `call'
  rack (1.5.2) lib/rack/runtime.rb:17:in `call'
  activesupport (4.0.2) lib/active_support/cache/strategy/local_cache.rb:83:in `call'
  rack (1.5.2) lib/rack/sendfile.rb:112:in `call'
  railties (4.0.2) lib/rails/engine.rb:511:in `call'
  railties (4.0.2) lib/rails/application.rb:97:in `call'
  rack (1.5.2) lib/rack/content_length.rb:14:in `call'
  puma (2.7.1) lib/puma/server.rb:486:in `handle_request'
  puma (2.7.1) lib/puma/server.rb:357:in `process_client'
  puma (2.7.1) lib/puma/server.rb:250:in `block in run'
  puma (2.7.1) lib/puma/thread_pool.rb:92:in `call'
  puma (2.7.1) lib/puma/thread_pool.rb:92:in `block in spawn_thread'


I, [2014-01-30T14:35:45.517035 #6222]  INFO -- : Started GET "/" for 127.0.0.1 at 2014-01-30 14:35:45 +0200
I, [2014-01-30T14:35:45.518250 #6222]  INFO -- : Processing by StaticPagesController#Home as HTML
I, [2014-01-30T14:35:45.519267 #6222]  INFO -- :   Rendered static_pages/Home.html.erb within layouts/application (0.1ms)
I, [2014-01-30T14:35:45.520657 #6222]  INFO -- :   Rendered layouts/_shim.html.erb (0.1ms)
I, [2014-01-30T14:35:45.521349 #6222]  INFO -- :   Rendered layouts/_header.html.erb (0.4ms)
I, [2014-01-30T14:35:45.521840 #6222]  INFO -- :   Rendered layouts/_footer.html.erb (0.2ms)
I, [2014-01-30T14:35:45.522214 #6222]  INFO -- : Completed 200 OK in 4ms (Views: 3.3ms | ActiveRecord: 0.0ms)
I, [2014-01-30T14:35:45.599199 #6222]  INFO -- : Started GET "/assets/application-809c6b2fe54bafb9c32c25b63ebfc89f.css" for 127.0.0.1 at 2014-01-30 14:35:45 +0200
F, [2014-01-30T14:35:45.601240 #6222] FATAL -- : 
ActionController::RoutingError (No route matches [GET] "/assets/application-809c6b2fe54bafb9c32c25b63ebfc89f.css"):
  actionpack (4.0.2) lib/action_dispatch/middleware/debug_exceptions.rb:21:in `call'
  actionpack (4.0.2) lib/action_dispatch/middleware/show_exceptions.rb:30:in `call'
  railties (4.0.2) lib/rails/rack/logger.rb:38:in `call_app'
  railties (4.0.2) lib/rails/rack/logger.rb:20:in `block in call'
  activesupport (4.0.2) lib/active_support/tagged_logging.rb:67:in `block in tagged'
  activesupport (4.0.2) lib/active_support/tagged_logging.rb:25:in `tagged'
  activesupport (4.0.2) lib/active_support/tagged_logging.rb:67:in `tagged'
  railties (4.0.2) lib/rails/rack/logger.rb:20:in `call'
  actionpack (4.0.2) lib/action_dispatch/middleware/request_id.rb:21:in `call'
  rack (1.5.2) lib/rack/methodoverride.rb:21:in `call'
  rack (1.5.2) lib/rack/runtime.rb:17:in `call'
  activesupport (4.0.2) lib/active_support/cache/strategy/local_cache.rb:83:in `call'
  rack (1.5.2) lib/rack/sendfile.rb:112:in `call'
  railties (4.0.2) lib/rails/engine.rb:511:in `call'
  railties (4.0.2) lib/rails/application.rb:97:in `call'
  rack (1.5.2) lib/rack/content_length.rb:14:in `call'
  puma (2.7.1) lib/puma/server.rb:486:in `handle_request'
  puma (2.7.1) lib/puma/server.rb:357:in `process_client'
  puma (2.7.1) lib/puma/server.rb:250:in `block in run'
  puma (2.7.1) lib/puma/thread_pool.rb:92:in `call'
  puma (2.7.1) lib/puma/thread_pool.rb:92:in `block in spawn_thread'


I, [2014-01-30T14:35:45.608952 #6222]  INFO -- : Started GET "/assets/application-124b14da968228fe1300d43ad2aa6bde.js" for 127.0.0.1 at 2014-01-30 14:35:45 +0200
F, [2014-01-30T14:35:45.610993 #6222] FATAL -- : 
ActionController::RoutingError (No route matches [GET] "/assets/application-124b14da968228fe1300d43ad2aa6bde.js"):
  actionpack (4.0.2) lib/action_dispatch/middleware/debug_exceptions.rb:21:in `call'
  actionpack (4.0.2) lib/action_dispatch/middleware/show_exceptions.rb:30:in `call'
  railties (4.0.2) lib/rails/rack/logger.rb:38:in `call_app'
  railties (4.0.2) lib/rails/rack/logger.rb:20:in `block in call'
  activesupport (4.0.2) lib/active_support/tagged_logging.rb:67:in `block in tagged'
  activesupport (4.0.2) lib/active_support/tagged_logging.rb:25:in `tagged'
  activesupport (4.0.2) lib/active_support/tagged_logging.rb:67:in `tagged'
  railties (4.0.2) lib/rails/rack/logger.rb:20:in `call'
  actionpack (4.0.2) lib/action_dispatch/middleware/request_id.rb:21:in `call'
  rack (1.5.2) lib/rack/methodoverride.rb:21:in `call'
  rack (1.5.2) lib/rack/runtime.rb:17:in `call'
  activesupport (4.0.2) lib/active_support/cache/strategy/local_cache.rb:83:in `call'
  rack (1.5.2) lib/rack/sendfile.rb:112:in `call'
  railties (4.0.2) lib/rails/engine.rb:511:in `call'
  railties (4.0.2) lib/rails/application.rb:97:in `call'
  rack (1.5.2) lib/rack/content_length.rb:14:in `call'
  puma (2.7.1) lib/puma/server.rb:486:in `handle_request'
  puma (2.7.1) lib/puma/server.rb:357:in `process_client'
  puma (2.7.1) lib/puma/server.rb:250:in `block in run'
  puma (2.7.1) lib/puma/thread_pool.rb:92:in `call'
  puma (2.7.1) lib/puma/thread_pool.rb:92:in `block in spawn_thread'


I, [2014-01-30T14:35:45.874813 #6222]  INFO -- : Started GET "/" for 127.0.0.1 at 2014-01-30 14:35:45 +0200
I, [2014-01-30T14:35:45.875939 #6222]  INFO -- : Processing by StaticPagesController#Home as HTML
I, [2014-01-30T14:35:45.877019 #6222]  INFO -- :   Rendered static_pages/Home.html.erb within layouts/application (0.1ms)
I, [2014-01-30T14:35:45.878520 #6222]  INFO -- :   Rendered layouts/_shim.html.erb (0.1ms)
I, [2014-01-30T14:35:45.879169 #6222]  INFO -- :   Rendered layouts/_header.html.erb (0.3ms)
I, [2014-01-30T14:35:45.879616 #6222]  INFO -- :   Rendered layouts/_footer.html.erb (0.1ms)
I, [2014-01-30T14:35:45.879959 #6222]  INFO -- : Completed 200 OK in 4ms (Views: 3.4ms | ActiveRecord: 0.0ms)
I, [2014-01-30T14:35:45.918011 #6222]  INFO -- : Started GET "/assets/application-809c6b2fe54bafb9c32c25b63ebfc89f.css" for 127.0.0.1 at 2014-01-30 14:35:45 +0200
F, [2014-01-30T14:35:45.919719 #6222] FATAL -- : 
ActionController::RoutingError (No route matches [GET] "/assets/application-809c6b2fe54bafb9c32c25b63ebfc89f.css"):
  actionpack (4.0.2) lib/action_dispatch/middleware/debug_exceptions.rb:21:in `call'
  actionpack (4.0.2) lib/action_dispatch/middleware/show_exceptions.rb:30:in `call'
  railties (4.0.2) lib/rails/rack/logger.rb:38:in `call_app'
  railties (4.0.2) lib/rails/rack/logger.rb:20:in `block in call'
  activesupport (4.0.2) lib/active_support/tagged_logging.rb:67:in `block in tagged'
  activesupport (4.0.2) lib/active_support/tagged_logging.rb:25:in `tagged'
  activesupport (4.0.2) lib/active_support/tagged_logging.rb:67:in `tagged'
  railties (4.0.2) lib/rails/rack/logger.rb:20:in `call'
  actionpack (4.0.2) lib/action_dispatch/middleware/request_id.rb:21:in `call'
  rack (1.5.2) lib/rack/methodoverride.rb:21:in `call'
  rack (1.5.2) lib/rack/runtime.rb:17:in `call'
  activesupport (4.0.2) lib/active_support/cache/strategy/local_cache.rb:83:in `call'
  rack (1.5.2) lib/rack/sendfile.rb:112:in `call'
  railties (4.0.2) lib/rails/engine.rb:511:in `call'
  railties (4.0.2) lib/rails/application.rb:97:in `call'
  rack (1.5.2) lib/rack/content_length.rb:14:in `call'
  puma (2.7.1) lib/puma/server.rb:486:in `handle_request'
  puma (2.7.1) lib/puma/server.rb:357:in `process_client'
  puma (2.7.1) lib/puma/server.rb:250:in `block in run'
  puma (2.7.1) lib/puma/thread_pool.rb:92:in `call'
  puma (2.7.1) lib/puma/thread_pool.rb:92:in `block in spawn_thread'


I, [2014-01-30T14:35:45.959592 #6222]  INFO -- : Started GET "/assets/application-124b14da968228fe1300d43ad2aa6bde.js" for 127.0.0.1 at 2014-01-30 14:35:45 +0200
F, [2014-01-30T14:35:45.961333 #6222] FATAL -- : 
ActionController::RoutingError (No route matches [GET] "/assets/application-124b14da968228fe1300d43ad2aa6bde.js"):
  actionpack (4.0.2) lib/action_dispatch/middleware/debug_exceptions.rb:21:in `call'
  actionpack (4.0.2) lib/action_dispatch/middleware/show_exceptions.rb:30:in `call'
  railties (4.0.2) lib/rails/rack/logger.rb:38:in `call_app'
  railties (4.0.2) lib/rails/rack/logger.rb:20:in `block in call'
  activesupport (4.0.2) lib/active_support/tagged_logging.rb:67:in `block in tagged'
  activesupport (4.0.2) lib/active_support/tagged_logging.rb:25:in `tagged'
  activesupport (4.0.2) lib/active_support/tagged_logging.rb:67:in `tagged'
  railties (4.0.2) lib/rails/rack/logger.rb:20:in `call'
  actionpack (4.0.2) lib/action_dispatch/middleware/request_id.rb:21:in `call'
  rack (1.5.2) lib/rack/methodoverride.rb:21:in `call'
  rack (1.5.2) lib/rack/runtime.rb:17:in `call'
  activesupport (4.0.2) lib/active_support/cache/strategy/local_cache.rb:83:in `call'
  rack (1.5.2) lib/rack/sendfile.rb:112:in `call'
  railties (4.0.2) lib/rails/engine.rb:511:in `call'
  railties (4.0.2) lib/rails/application.rb:97:in `call'
  rack (1.5.2) lib/rack/content_length.rb:14:in `call'
  puma (2.7.1) lib/puma/server.rb:486:in `handle_request'
  puma (2.7.1) lib/puma/server.rb:357:in `process_client'
  puma (2.7.1) lib/puma/server.rb:250:in `block in run'
  puma (2.7.1) lib/puma/thread_pool.rb:92:in `call'
  puma (2.7.1) lib/puma/thread_pool.rb:92:in `block in spawn_thread'


